{"/app/.nyc_output/dist/140medley.js": {"path":"/app/.nyc_output/dist/140medley.js","statementMap":{"0":{"start":{"line":1,"column":0},"end":{"line":1,"column":57}},"1":{"start":{"line":2,"column":0},"end":{"line":2,"column":52}},"2":{"start":{"line":3,"column":0},"end":{"line":3,"column":18}},"3":{"start":{"line":4,"column":0},"end":{"line":4,"column":22}},"4":{"start":{"line":5,"column":0},"end":{"line":5,"column":38}},"5":{"start":{"line":6,"column":0},"end":{"line":6,"column":22}},"6":{"start":{"line":7,"column":0},"end":{"line":7,"column":21}},"7":{"start":{"line":8,"column":0},"end":{"line":8,"column":3}},"8":{"start":{"line":9,"column":0},"end":{"line":9,"column":3}},"9":{"start":{"line":10,"column":0},"end":{"line":10,"column":8}},"10":{"start":{"line":11,"column":0},"end":{"line":11,"column":52}},"11":{"start":{"line":12,"column":0},"end":{"line":12,"column":59}},"12":{"start":{"line":13,"column":0},"end":{"line":13,"column":57}},"13":{"start":{"line":14,"column":0},"end":{"line":14,"column":5}},"14":{"start":{"line":15,"column":0},"end":{"line":15,"column":70}},"15":{"start":{"line":16,"column":0},"end":{"line":16,"column":53}},"16":{"start":{"line":17,"column":0},"end":{"line":17,"column":69}},"17":{"start":{"line":18,"column":0},"end":{"line":18,"column":61}},"18":{"start":{"line":19,"column":0},"end":{"line":19,"column":9}},"19":{"start":{"line":20,"column":0},"end":{"line":20,"column":1}},"20":{"start":{"line":21,"column":0},"end":{"line":21,"column":62}},"21":{"start":{"line":22,"column":0},"end":{"line":22,"column":76}},"22":{"start":{"line":23,"column":0},"end":{"line":23,"column":68}},"23":{"start":{"line":24,"column":0},"end":{"line":24,"column":7}},"24":{"start":{"line":25,"column":0},"end":{"line":25,"column":50}},"25":{"start":{"line":26,"column":0},"end":{"line":26,"column":2}},"26":{"start":{"line":27,"column":0},"end":{"line":27,"column":0}},"27":{"start":{"line":28,"column":0},"end":{"line":28,"column":51}},"28":{"start":{"line":29,"column":0},"end":{"line":29,"column":18}},"29":{"start":{"line":30,"column":0},"end":{"line":30,"column":93}},"30":{"start":{"line":31,"column":0},"end":{"line":31,"column":57}},"31":{"start":{"line":32,"column":0},"end":{"line":32,"column":3}},"32":{"start":{"line":33,"column":0},"end":{"line":33,"column":73}},"33":{"start":{"line":34,"column":0},"end":{"line":34,"column":84}},"34":{"start":{"line":35,"column":0},"end":{"line":35,"column":51}},"35":{"start":{"line":36,"column":0},"end":{"line":36,"column":45}},"36":{"start":{"line":37,"column":0},"end":{"line":37,"column":5}},"37":{"start":{"line":38,"column":0},"end":{"line":38,"column":81}},"38":{"start":{"line":39,"column":0},"end":{"line":39,"column":11}},"39":{"start":{"line":40,"column":0},"end":{"line":40,"column":22}},"40":{"start":{"line":41,"column":0},"end":{"line":41,"column":48}},"41":{"start":{"line":42,"column":0},"end":{"line":42,"column":60}},"42":{"start":{"line":43,"column":0},"end":{"line":43,"column":55}},"43":{"start":{"line":44,"column":0},"end":{"line":44,"column":6}},"44":{"start":{"line":45,"column":0},"end":{"line":45,"column":5}},"45":{"start":{"line":46,"column":0},"end":{"line":46,"column":54}},"46":{"start":{"line":47,"column":0},"end":{"line":47,"column":4}},"47":{"start":{"line":48,"column":0},"end":{"line":48,"column":1}},"48":{"start":{"line":49,"column":0},"end":{"line":49,"column":0}},"49":{"start":{"line":50,"column":0},"end":{"line":50,"column":51}},"50":{"start":{"line":51,"column":0},"end":{"line":51,"column":18}},"51":{"start":{"line":52,"column":0},"end":{"line":52,"column":26}},"52":{"start":{"line":53,"column":0},"end":{"line":53,"column":3}},"53":{"start":{"line":54,"column":0},"end":{"line":54,"column":40}},"54":{"start":{"line":55,"column":0},"end":{"line":55,"column":37}},"55":{"start":{"line":56,"column":0},"end":{"line":56,"column":36}},"56":{"start":{"line":57,"column":0},"end":{"line":57,"column":43}},"57":{"start":{"line":58,"column":0},"end":{"line":58,"column":34}},"58":{"start":{"line":59,"column":0},"end":{"line":59,"column":40}},"59":{"start":{"line":60,"column":0},"end":{"line":60,"column":50}},"60":{"start":{"line":61,"column":0},"end":{"line":61,"column":41}},"61":{"start":{"line":62,"column":0},"end":{"line":62,"column":39}},"62":{"start":{"line":63,"column":0},"end":{"line":63,"column":42}},"63":{"start":{"line":64,"column":0},"end":{"line":64,"column":38}},"64":{"start":{"line":65,"column":0},"end":{"line":65,"column":38}},"65":{"start":{"line":66,"column":0},"end":{"line":66,"column":65}},"66":{"start":{"line":67,"column":0},"end":{"line":67,"column":54}},"67":{"start":{"line":68,"column":0},"end":{"line":68,"column":47}},"68":{"start":{"line":69,"column":0},"end":{"line":69,"column":62}},"69":{"start":{"line":70,"column":0},"end":{"line":70,"column":4}},"70":{"start":{"line":71,"column":0},"end":{"line":71,"column":1}},"71":{"start":{"line":72,"column":0},"end":{"line":72,"column":52}},"72":{"start":{"line":73,"column":0},"end":{"line":73,"column":1}},"73":{"start":{"line":74,"column":0},"end":{"line":74,"column":0}},"74":{"start":{"line":75,"column":0},"end":{"line":75,"column":52}},"75":{"start":{"line":76,"column":0},"end":{"line":76,"column":18}},"76":{"start":{"line":77,"column":0},"end":{"line":77,"column":23}},"77":{"start":{"line":78,"column":0},"end":{"line":78,"column":20}},"78":{"start":{"line":79,"column":0},"end":{"line":79,"column":20}},"79":{"start":{"line":80,"column":0},"end":{"line":80,"column":3}},"80":{"start":{"line":81,"column":0},"end":{"line":81,"column":55}},"81":{"start":{"line":82,"column":0},"end":{"line":82,"column":65}},"82":{"start":{"line":83,"column":0},"end":{"line":83,"column":63}},"83":{"start":{"line":84,"column":0},"end":{"line":84,"column":56}},"84":{"start":{"line":85,"column":0},"end":{"line":85,"column":1}},"85":{"start":{"line":86,"column":0},"end":{"line":86,"column":43}},"86":{"start":{"line":87,"column":0},"end":{"line":87,"column":77}},"87":{"start":{"line":88,"column":0},"end":{"line":88,"column":71}},"88":{"start":{"line":89,"column":0},"end":{"line":89,"column":1}},"89":{"start":{"line":90,"column":0},"end":{"line":90,"column":67}},"90":{"start":{"line":91,"column":0},"end":{"line":91,"column":1}},"91":{"start":{"line":92,"column":0},"end":{"line":92,"column":0}},"92":{"start":{"line":93,"column":0},"end":{"line":93,"column":52}},"93":{"start":{"line":94,"column":0},"end":{"line":94,"column":18}},"94":{"start":{"line":95,"column":0},"end":{"line":95,"column":39}},"95":{"start":{"line":96,"column":0},"end":{"line":96,"column":29}},"96":{"start":{"line":97,"column":0},"end":{"line":97,"column":3}},"97":{"start":{"line":98,"column":0},"end":{"line":98,"column":11}},"98":{"start":{"line":99,"column":0},"end":{"line":99,"column":48}},"99":{"start":{"line":100,"column":0},"end":{"line":100,"column":53}},"100":{"start":{"line":101,"column":0},"end":{"line":101,"column":44}},"101":{"start":{"line":102,"column":0},"end":{"line":102,"column":9}},"102":{"start":{"line":103,"column":0},"end":{"line":103,"column":49}},"103":{"start":{"line":104,"column":0},"end":{"line":104,"column":50}},"104":{"start":{"line":105,"column":0},"end":{"line":105,"column":9}},"105":{"start":{"line":106,"column":0},"end":{"line":106,"column":1}},"106":{"start":{"line":107,"column":0},"end":{"line":107,"column":50}},"107":{"start":{"line":108,"column":0},"end":{"line":108,"column":45}},"108":{"start":{"line":109,"column":0},"end":{"line":109,"column":40}},"109":{"start":{"line":110,"column":0},"end":{"line":110,"column":9}},"110":{"start":{"line":111,"column":0},"end":{"line":111,"column":37}},"111":{"start":{"line":112,"column":0},"end":{"line":112,"column":47}},"112":{"start":{"line":113,"column":0},"end":{"line":113,"column":8}},"113":{"start":{"line":114,"column":0},"end":{"line":114,"column":6}},"114":{"start":{"line":115,"column":0},"end":{"line":115,"column":69}},"115":{"start":{"line":116,"column":0},"end":{"line":116,"column":3}},"116":{"start":{"line":117,"column":0},"end":{"line":117,"column":60}},"117":{"start":{"line":118,"column":0},"end":{"line":118,"column":46}},"118":{"start":{"line":119,"column":0},"end":{"line":119,"column":50}},"119":{"start":{"line":120,"column":0},"end":{"line":120,"column":1}},"120":{"start":{"line":121,"column":0},"end":{"line":121,"column":0}},"121":{"start":{"line":122,"column":0},"end":{"line":122,"column":52}},"122":{"start":{"line":123,"column":0},"end":{"line":123,"column":18}},"123":{"start":{"line":124,"column":0},"end":{"line":124,"column":62}},"124":{"start":{"line":125,"column":0},"end":{"line":125,"column":62}},"125":{"start":{"line":126,"column":0},"end":{"line":126,"column":3}},"126":{"start":{"line":127,"column":0},"end":{"line":127,"column":19}},"127":{"start":{"line":128,"column":0},"end":{"line":128,"column":54}},"128":{"start":{"line":129,"column":0},"end":{"line":129,"column":62}},"129":{"start":{"line":130,"column":0},"end":{"line":130,"column":5}},"130":{"start":{"line":131,"column":0},"end":{"line":131,"column":22}},"131":{"start":{"line":132,"column":0},"end":{"line":132,"column":79}},"132":{"start":{"line":133,"column":0},"end":{"line":133,"column":16}},"133":{"start":{"line":134,"column":0},"end":{"line":134,"column":40}},"134":{"start":{"line":135,"column":0},"end":{"line":135,"column":52}},"135":{"start":{"line":136,"column":0},"end":{"line":136,"column":9}},"136":{"start":{"line":137,"column":0},"end":{"line":137,"column":25}},"137":{"start":{"line":138,"column":0},"end":{"line":138,"column":15}},"138":{"start":{"line":139,"column":0},"end":{"line":139,"column":70}},"139":{"start":{"line":140,"column":0},"end":{"line":140,"column":16}},"140":{"start":{"line":141,"column":0},"end":{"line":141,"column":56}},"141":{"start":{"line":142,"column":0},"end":{"line":142,"column":28}},"142":{"start":{"line":143,"column":0},"end":{"line":143,"column":28}},"143":{"start":{"line":144,"column":0},"end":{"line":144,"column":28}},"144":{"start":{"line":145,"column":0},"end":{"line":145,"column":10}},"145":{"start":{"line":146,"column":0},"end":{"line":146,"column":8}},"146":{"start":{"line":147,"column":0},"end":{"line":147,"column":6}},"147":{"start":{"line":148,"column":0},"end":{"line":148,"column":4}},"148":{"start":{"line":149,"column":0},"end":{"line":149,"column":2}},"149":{"start":{"line":150,"column":0},"end":{"line":150,"column":37}}},"s":{"0":1,"1":1,"2":0,"3":0,"4":0,"5":0,"6":0,"7":0,"8":0,"9":0,"10":0,"11":0,"12":0,"13":0,"14":0,"15":0,"16":0,"17":0,"18":0,"19":0,"20":0,"21":0,"22":0,"23":0,"24":0,"25":0,"26":1,"27":1,"28":0,"29":0,"30":0,"31":0,"32":0,"33":0,"34":0,"35":0,"36":0,"37":0,"38":0,"39":0,"40":0,"41":0,"42":0,"43":0,"44":0,"45":0,"46":0,"47":0,"48":1,"49":1,"50":0,"51":0,"52":0,"53":0,"54":0,"55":0,"56":0,"57":0,"58":0,"59":0,"60":0,"61":0,"62":0,"63":0,"64":0,"65":0,"66":0,"67":0,"68":0,"69":0,"70":0,"71":0,"72":0,"73":1,"74":1,"75":0,"76":0,"77":0,"78":0,"79":0,"80":0,"81":0,"82":0,"83":0,"84":0,"85":0,"86":0,"87":0,"88":0,"89":0,"90":0,"91":1,"92":1,"93":1,"94":1,"95":1,"96":1,"97":1,"98":1,"99":0,"100":0,"101":0,"102":0,"103":0,"104":0,"105":1,"106":0,"107":0,"108":0,"109":0,"110":0,"111":0,"112":0,"113":1,"114":0,"115":1,"116":1,"117":0,"118":1,"119":1,"120":1,"121":1,"122":1,"123":1,"124":1,"125":1,"126":1,"127":1,"128":1,"129":1,"130":1,"131":1,"132":1,"133":1,"134":1,"135":1,"136":1,"137":1,"138":1,"139":1,"140":1,"141":1,"142":0,"143":0,"144":1,"145":1,"146":1,"147":1,"148":1,"149":1},"branchMap":{"0":{"type":"branch","loc":{"start":{"line":1,"column":0},"end":{"line":3,"column":8}},"locations":[{"start":{"line":1,"column":0},"end":{"line":3,"column":8}}]},"1":{"type":"branch","loc":{"start":{"line":26,"column":1},"end":{"line":29,"column":8}},"locations":[{"start":{"line":26,"column":1},"end":{"line":29,"column":8}}]},"2":{"type":"branch","loc":{"start":{"line":48,"column":1},"end":{"line":51,"column":8}},"locations":[{"start":{"line":48,"column":1},"end":{"line":51,"column":8}}]},"3":{"type":"branch","loc":{"start":{"line":73,"column":1},"end":{"line":76,"column":8}},"locations":[{"start":{"line":73,"column":1},"end":{"line":76,"column":8}}]},"4":{"type":"branch","loc":{"start":{"line":91,"column":1},"end":{"line":100,"column":11}},"locations":[{"start":{"line":91,"column":1},"end":{"line":100,"column":11}}]},"5":{"type":"branch","loc":{"start":{"line":105,"column":7},"end":{"line":107,"column":11}},"locations":[{"start":{"line":105,"column":7},"end":{"line":107,"column":11}}]},"6":{"type":"branch","loc":{"start":{"line":113,"column":7},"end":{"line":115,"column":4}},"locations":[{"start":{"line":113,"column":7},"end":{"line":115,"column":4}}]},"7":{"type":"branch","loc":{"start":{"line":115,"column":8},"end":{"line":118,"column":2}},"locations":[{"start":{"line":115,"column":8},"end":{"line":118,"column":2}}]},"8":{"type":"branch","loc":{"start":{"line":118,"column":7},"end":{"line":143,"column":10}},"locations":[{"start":{"line":118,"column":7},"end":{"line":143,"column":10}}]},"9":{"type":"branch","loc":{"start":{"line":143,"column":14},"end":{"line":144,"column":10}},"locations":[{"start":{"line":143,"column":14},"end":{"line":144,"column":10}}]},"10":{"type":"branch","loc":{"start":{"line":144,"column":15},"end":{"line":150,"column":37}},"locations":[{"start":{"line":144,"column":15},"end":{"line":150,"column":37}}]}},"b":{"0":[1],"1":[1],"2":[1],"3":[1],"4":[1],"5":[1],"6":[1],"7":[1],"8":[1],"9":[1],"10":[1]},"fnMap":{},"f":{},"originalUrl":"http://localhost:8000/dist/140medley.js"},"/app/.nyc_output/tests/libs/qunit.js": {"path":"/app/.nyc_output/tests/libs/qunit.js","statementMap":{"0":{"start":{"line":1,"column":0},"end":{"line":1,"column":3}},"1":{"start":{"line":2,"column":0},"end":{"line":2,"column":53}},"2":{"start":{"line":3,"column":0},"end":{"line":3,"column":2}},"3":{"start":{"line":4,"column":0},"end":{"line":4,"column":31}},"4":{"start":{"line":5,"column":0},"end":{"line":5,"column":2}},"5":{"start":{"line":6,"column":0},"end":{"line":6,"column":49}},"6":{"start":{"line":7,"column":0},"end":{"line":7,"column":48}},"7":{"start":{"line":8,"column":0},"end":{"line":8,"column":37}},"8":{"start":{"line":9,"column":0},"end":{"line":9,"column":3}},"9":{"start":{"line":10,"column":0},"end":{"line":10,"column":0}},"10":{"start":{"line":11,"column":0},"end":{"line":11,"column":19}},"11":{"start":{"line":12,"column":0},"end":{"line":12,"column":0}},"12":{"start":{"line":13,"column":0},"end":{"line":13,"column":15}},"13":{"start":{"line":14,"column":0},"end":{"line":14,"column":55}},"14":{"start":{"line":15,"column":0},"end":{"line":15,"column":31}},"15":{"start":{"line":16,"column":0},"end":{"line":16,"column":32}},"16":{"start":{"line":17,"column":0},"end":{"line":17,"column":9}},"17":{"start":{"line":18,"column":0},"end":{"line":18,"column":35}},"18":{"start":{"line":19,"column":0},"end":{"line":19,"column":35}},"19":{"start":{"line":20,"column":0},"end":{"line":20,"column":18}},"20":{"start":{"line":21,"column":0},"end":{"line":21,"column":16}},"21":{"start":{"line":22,"column":0},"end":{"line":22,"column":19}},"22":{"start":{"line":23,"column":0},"end":{"line":23,"column":5}},"23":{"start":{"line":24,"column":0},"end":{"line":24,"column":6}},"24":{"start":{"line":25,"column":0},"end":{"line":25,"column":2}},"25":{"start":{"line":26,"column":0},"end":{"line":26,"column":0}},"26":{"start":{"line":27,"column":0},"end":{"line":27,"column":15}},"27":{"start":{"line":28,"column":0},"end":{"line":28,"column":39}},"28":{"start":{"line":29,"column":0},"end":{"line":29,"column":43}},"29":{"start":{"line":30,"column":0},"end":{"line":30,"column":0}},"30":{"start":{"line":31,"column":0},"end":{"line":31,"column":64}},"31":{"start":{"line":32,"column":0},"end":{"line":32,"column":19}},"32":{"start":{"line":33,"column":0},"end":{"line":33,"column":27}},"33":{"start":{"line":34,"column":0},"end":{"line":34,"column":27}},"34":{"start":{"line":35,"column":0},"end":{"line":35,"column":21}},"35":{"start":{"line":36,"column":0},"end":{"line":36,"column":27}},"36":{"start":{"line":37,"column":0},"end":{"line":37,"column":23}},"37":{"start":{"line":38,"column":0},"end":{"line":38,"column":2}},"38":{"start":{"line":39,"column":0},"end":{"line":39,"column":18}},"39":{"start":{"line":40,"column":0},"end":{"line":40,"column":20}},"40":{"start":{"line":41,"column":0},"end":{"line":41,"column":34}},"41":{"start":{"line":42,"column":0},"end":{"line":42,"column":16}},"42":{"start":{"line":43,"column":0},"end":{"line":43,"column":47}},"43":{"start":{"line":44,"column":0},"end":{"line":44,"column":45}},"44":{"start":{"line":45,"column":0},"end":{"line":45,"column":44}},"45":{"start":{"line":46,"column":0},"end":{"line":46,"column":28}},"46":{"start":{"line":47,"column":0},"end":{"line":47,"column":33}},"47":{"start":{"line":48,"column":0},"end":{"line":48,"column":51}},"48":{"start":{"line":49,"column":0},"end":{"line":49,"column":30}},"49":{"start":{"line":50,"column":0},"end":{"line":50,"column":5}},"50":{"start":{"line":51,"column":0},"end":{"line":51,"column":4}},"51":{"start":{"line":52,"column":0},"end":{"line":52,"column":21}},"52":{"start":{"line":53,"column":0},"end":{"line":53,"column":47}},"53":{"start":{"line":54,"column":0},"end":{"line":54,"column":36}},"54":{"start":{"line":55,"column":0},"end":{"line":55,"column":50}},"55":{"start":{"line":56,"column":0},"end":{"line":56,"column":38}},"56":{"start":{"line":57,"column":0},"end":{"line":57,"column":41}},"57":{"start":{"line":58,"column":0},"end":{"line":58,"column":66}},"58":{"start":{"line":59,"column":0},"end":{"line":59,"column":39}},"59":{"start":{"line":60,"column":0},"end":{"line":60,"column":12}},"60":{"start":{"line":61,"column":0},"end":{"line":61,"column":7}},"61":{"start":{"line":62,"column":0},"end":{"line":62,"column":42}},"62":{"start":{"line":63,"column":0},"end":{"line":63,"column":46}},"63":{"start":{"line":64,"column":0},"end":{"line":64,"column":50}},"64":{"start":{"line":65,"column":0},"end":{"line":65,"column":25}},"65":{"start":{"line":66,"column":0},"end":{"line":66,"column":10}},"66":{"start":{"line":67,"column":0},"end":{"line":67,"column":32}},"67":{"start":{"line":68,"column":0},"end":{"line":68,"column":50}},"68":{"start":{"line":69,"column":0},"end":{"line":69,"column":25}},"69":{"start":{"line":70,"column":0},"end":{"line":70,"column":10}},"70":{"start":{"line":71,"column":0},"end":{"line":71,"column":5}},"71":{"start":{"line":72,"column":0},"end":{"line":72,"column":0}},"72":{"start":{"line":73,"column":0},"end":{"line":73,"column":26}},"73":{"start":{"line":74,"column":0},"end":{"line":74,"column":35}},"74":{"start":{"line":75,"column":0},"end":{"line":75,"column":27}},"75":{"start":{"line":76,"column":0},"end":{"line":76,"column":29}},"76":{"start":{"line":77,"column":0},"end":{"line":77,"column":35}},"77":{"start":{"line":78,"column":0},"end":{"line":78,"column":0}},"78":{"start":{"line":79,"column":0},"end":{"line":79,"column":46}},"79":{"start":{"line":80,"column":0},"end":{"line":80,"column":26}},"80":{"start":{"line":81,"column":0},"end":{"line":81,"column":25}},"81":{"start":{"line":82,"column":0},"end":{"line":82,"column":7}},"82":{"start":{"line":83,"column":0},"end":{"line":83,"column":0}},"83":{"start":{"line":84,"column":0},"end":{"line":84,"column":69}},"84":{"start":{"line":85,"column":0},"end":{"line":85,"column":17}},"85":{"start":{"line":86,"column":0},"end":{"line":86,"column":57}},"86":{"start":{"line":87,"column":0},"end":{"line":87,"column":0}},"87":{"start":{"line":88,"column":0},"end":{"line":88,"column":30}},"88":{"start":{"line":89,"column":0},"end":{"line":89,"column":19}},"89":{"start":{"line":90,"column":0},"end":{"line":90,"column":5}},"90":{"start":{"line":91,"column":0},"end":{"line":91,"column":30}},"91":{"start":{"line":92,"column":0},"end":{"line":92,"column":60}},"92":{"start":{"line":93,"column":0},"end":{"line":93,"column":13}},"93":{"start":{"line":94,"column":0},"end":{"line":94,"column":5}},"94":{"start":{"line":95,"column":0},"end":{"line":95,"column":9}},"95":{"start":{"line":96,"column":0},"end":{"line":96,"column":60}},"96":{"start":{"line":97,"column":0},"end":{"line":97,"column":16}},"97":{"start":{"line":98,"column":0},"end":{"line":98,"column":108}},"98":{"start":{"line":99,"column":0},"end":{"line":99,"column":5}},"99":{"start":{"line":100,"column":0},"end":{"line":100,"column":4}},"100":{"start":{"line":101,"column":0},"end":{"line":101,"column":19}},"101":{"start":{"line":102,"column":0},"end":{"line":102,"column":26}},"102":{"start":{"line":103,"column":0},"end":{"line":103,"column":23}},"103":{"start":{"line":104,"column":0},"end":{"line":104,"column":19}},"104":{"start":{"line":105,"column":0},"end":{"line":105,"column":5}},"105":{"start":{"line":106,"column":0},"end":{"line":106,"column":0}},"106":{"start":{"line":107,"column":0},"end":{"line":107,"column":30}},"107":{"start":{"line":108,"column":0},"end":{"line":108,"column":47}},"108":{"start":{"line":109,"column":0},"end":{"line":109,"column":13}},"109":{"start":{"line":110,"column":0},"end":{"line":110,"column":5}},"110":{"start":{"line":111,"column":0},"end":{"line":111,"column":9}},"111":{"start":{"line":112,"column":0},"end":{"line":112,"column":47}},"112":{"start":{"line":113,"column":0},"end":{"line":113,"column":16}},"113":{"start":{"line":114,"column":0},"end":{"line":114,"column":121}},"114":{"start":{"line":115,"column":0},"end":{"line":115,"column":53}},"115":{"start":{"line":116,"column":0},"end":{"line":116,"column":19}},"116":{"start":{"line":117,"column":0},"end":{"line":117,"column":0}},"117":{"start":{"line":118,"column":0},"end":{"line":118,"column":46}},"118":{"start":{"line":119,"column":0},"end":{"line":119,"column":30}},"119":{"start":{"line":120,"column":0},"end":{"line":120,"column":22}},"120":{"start":{"line":121,"column":0},"end":{"line":121,"column":7}},"121":{"start":{"line":122,"column":0},"end":{"line":122,"column":5}},"122":{"start":{"line":123,"column":0},"end":{"line":123,"column":4}},"123":{"start":{"line":124,"column":0},"end":{"line":124,"column":24}},"124":{"start":{"line":125,"column":0},"end":{"line":125,"column":26}},"125":{"start":{"line":126,"column":0},"end":{"line":126,"column":30}},"126":{"start":{"line":127,"column":0},"end":{"line":127,"column":63}},"127":{"start":{"line":128,"column":0},"end":{"line":128,"column":13}},"128":{"start":{"line":129,"column":0},"end":{"line":129,"column":12}},"129":{"start":{"line":130,"column":0},"end":{"line":130,"column":11}},"130":{"start":{"line":131,"column":0},"end":{"line":131,"column":65}},"131":{"start":{"line":132,"column":0},"end":{"line":132,"column":18}},"132":{"start":{"line":133,"column":0},"end":{"line":133,"column":113}},"133":{"start":{"line":134,"column":0},"end":{"line":134,"column":7}},"134":{"start":{"line":135,"column":0},"end":{"line":135,"column":5}},"135":{"start":{"line":136,"column":0},"end":{"line":136,"column":21}},"136":{"start":{"line":137,"column":0},"end":{"line":137,"column":4}},"137":{"start":{"line":138,"column":0},"end":{"line":138,"column":22}},"138":{"start":{"line":139,"column":0},"end":{"line":139,"column":26}},"139":{"start":{"line":140,"column":0},"end":{"line":140,"column":77}},"140":{"start":{"line":141,"column":0},"end":{"line":141,"column":116}},"141":{"start":{"line":142,"column":0},"end":{"line":142,"column":68}},"142":{"start":{"line":143,"column":0},"end":{"line":143,"column":124}},"143":{"start":{"line":144,"column":0},"end":{"line":144,"column":5}},"144":{"start":{"line":145,"column":0},"end":{"line":145,"column":0}},"145":{"start":{"line":146,"column":0},"end":{"line":146,"column":26}},"146":{"start":{"line":147,"column":0},"end":{"line":147,"column":12}},"147":{"start":{"line":148,"column":0},"end":{"line":148,"column":32}},"148":{"start":{"line":149,"column":0},"end":{"line":149,"column":0}},"149":{"start":{"line":150,"column":0},"end":{"line":150,"column":47}},"150":{"start":{"line":151,"column":0},"end":{"line":151,"column":53}},"151":{"start":{"line":152,"column":0},"end":{"line":152,"column":0}},"152":{"start":{"line":153,"column":0},"end":{"line":153,"column":18}},"153":{"start":{"line":154,"column":0},"end":{"line":154,"column":44}},"154":{"start":{"line":155,"column":0},"end":{"line":155,"column":0}},"155":{"start":{"line":156,"column":0},"end":{"line":156,"column":54}},"156":{"start":{"line":157,"column":0},"end":{"line":157,"column":43}},"157":{"start":{"line":158,"column":0},"end":{"line":158,"column":0}},"158":{"start":{"line":159,"column":0},"end":{"line":159,"column":42}},"159":{"start":{"line":160,"column":0},"end":{"line":160,"column":58}},"160":{"start":{"line":161,"column":0},"end":{"line":161,"column":83}},"161":{"start":{"line":162,"column":0},"end":{"line":162,"column":29}},"162":{"start":{"line":163,"column":0},"end":{"line":163,"column":0}},"163":{"start":{"line":164,"column":0},"end":{"line":164,"column":33}},"164":{"start":{"line":165,"column":0},"end":{"line":165,"column":17}},"165":{"start":{"line":166,"column":0},"end":{"line":166,"column":16}},"166":{"start":{"line":167,"column":0},"end":{"line":167,"column":16}},"167":{"start":{"line":168,"column":0},"end":{"line":168,"column":29}},"168":{"start":{"line":169,"column":0},"end":{"line":169,"column":35}},"169":{"start":{"line":170,"column":0},"end":{"line":170,"column":9}},"170":{"start":{"line":171,"column":0},"end":{"line":171,"column":7}},"171":{"start":{"line":172,"column":0},"end":{"line":172,"column":0}},"172":{"start":{"line":173,"column":0},"end":{"line":173,"column":35}},"173":{"start":{"line":174,"column":0},"end":{"line":174,"column":61}},"174":{"start":{"line":175,"column":0},"end":{"line":175,"column":18}},"175":{"start":{"line":176,"column":0},"end":{"line":176,"column":89}},"176":{"start":{"line":177,"column":0},"end":{"line":177,"column":16}},"177":{"start":{"line":178,"column":0},"end":{"line":178,"column":87}},"178":{"start":{"line":179,"column":0},"end":{"line":179,"column":9}},"179":{"start":{"line":180,"column":0},"end":{"line":180,"column":7}},"180":{"start":{"line":181,"column":0},"end":{"line":181,"column":0}},"181":{"start":{"line":182,"column":0},"end":{"line":182,"column":22}},"182":{"start":{"line":183,"column":0},"end":{"line":183,"column":34}},"183":{"start":{"line":184,"column":0},"end":{"line":184,"column":7}},"184":{"start":{"line":185,"column":0},"end":{"line":185,"column":0}},"185":{"start":{"line":186,"column":0},"end":{"line":186,"column":47}},"186":{"start":{"line":187,"column":0},"end":{"line":187,"column":161}},"187":{"start":{"line":188,"column":0},"end":{"line":188,"column":0}},"188":{"start":{"line":189,"column":0},"end":{"line":189,"column":42}},"189":{"start":{"line":190,"column":0},"end":{"line":190,"column":28}},"190":{"start":{"line":191,"column":0},"end":{"line":191,"column":105}},"191":{"start":{"line":192,"column":0},"end":{"line":192,"column":0}},"192":{"start":{"line":193,"column":0},"end":{"line":193,"column":39}},"193":{"start":{"line":194,"column":0},"end":{"line":194,"column":45}},"194":{"start":{"line":195,"column":0},"end":{"line":195,"column":39}},"195":{"start":{"line":196,"column":0},"end":{"line":196,"column":67}},"196":{"start":{"line":197,"column":0},"end":{"line":197,"column":9}},"197":{"start":{"line":198,"column":0},"end":{"line":198,"column":0}},"198":{"start":{"line":199,"column":0},"end":{"line":199,"column":43}},"199":{"start":{"line":200,"column":0},"end":{"line":200,"column":72}},"200":{"start":{"line":201,"column":0},"end":{"line":201,"column":96}},"201":{"start":{"line":202,"column":0},"end":{"line":202,"column":37}},"202":{"start":{"line":203,"column":0},"end":{"line":203,"column":9}},"203":{"start":{"line":204,"column":0},"end":{"line":204,"column":78}},"204":{"start":{"line":205,"column":0},"end":{"line":205,"column":123}},"205":{"start":{"line":206,"column":0},"end":{"line":206,"column":9}},"206":{"start":{"line":207,"column":0},"end":{"line":207,"column":9}},"207":{"start":{"line":208,"column":0},"end":{"line":208,"column":0}},"208":{"start":{"line":209,"column":0},"end":{"line":209,"column":23}},"209":{"start":{"line":210,"column":0},"end":{"line":210,"column":43}},"210":{"start":{"line":211,"column":0},"end":{"line":211,"column":38}},"211":{"start":{"line":212,"column":0},"end":{"line":212,"column":26}},"212":{"start":{"line":213,"column":0},"end":{"line":213,"column":26}},"213":{"start":{"line":214,"column":0},"end":{"line":214,"column":27}},"214":{"start":{"line":215,"column":0},"end":{"line":215,"column":0}},"215":{"start":{"line":216,"column":0},"end":{"line":216,"column":12}},"216":{"start":{"line":217,"column":0},"end":{"line":217,"column":54}},"217":{"start":{"line":218,"column":0},"end":{"line":218,"column":43}},"218":{"start":{"line":219,"column":0},"end":{"line":219,"column":16}},"219":{"start":{"line":220,"column":0},"end":{"line":220,"column":29}},"220":{"start":{"line":221,"column":0},"end":{"line":221,"column":35}},"221":{"start":{"line":222,"column":0},"end":{"line":222,"column":9}},"222":{"start":{"line":223,"column":0},"end":{"line":223,"column":7}},"223":{"start":{"line":224,"column":0},"end":{"line":224,"column":5}},"224":{"start":{"line":225,"column":0},"end":{"line":225,"column":0}},"225":{"start":{"line":226,"column":0},"end":{"line":226,"column":18}},"226":{"start":{"line":227,"column":0},"end":{"line":227,"column":0}},"227":{"start":{"line":228,"column":0},"end":{"line":228,"column":45}},"228":{"start":{"line":229,"column":0},"end":{"line":229,"column":26}},"229":{"start":{"line":230,"column":0},"end":{"line":230,"column":26}},"230":{"start":{"line":231,"column":0},"end":{"line":231,"column":18}},"231":{"start":{"line":232,"column":0},"end":{"line":232,"column":43}},"232":{"start":{"line":233,"column":0},"end":{"line":233,"column":35}},"233":{"start":{"line":234,"column":0},"end":{"line":234,"column":8}},"234":{"start":{"line":235,"column":0},"end":{"line":235,"column":4}},"235":{"start":{"line":236,"column":0},"end":{"line":236,"column":0}},"236":{"start":{"line":237,"column":0},"end":{"line":237,"column":21}},"237":{"start":{"line":238,"column":0},"end":{"line":238,"column":20}},"238":{"start":{"line":239,"column":0},"end":{"line":239,"column":28}},"239":{"start":{"line":240,"column":0},"end":{"line":240,"column":18}},"240":{"start":{"line":241,"column":0},"end":{"line":241,"column":7}},"241":{"start":{"line":242,"column":0},"end":{"line":242,"column":20}},"242":{"start":{"line":243,"column":0},"end":{"line":243,"column":35}},"243":{"start":{"line":244,"column":0},"end":{"line":244,"column":30}},"244":{"start":{"line":245,"column":0},"end":{"line":245,"column":21}},"245":{"start":{"line":246,"column":0},"end":{"line":246,"column":9}},"246":{"start":{"line":247,"column":0},"end":{"line":247,"column":30}},"247":{"start":{"line":248,"column":0},"end":{"line":248,"column":19}},"248":{"start":{"line":249,"column":0},"end":{"line":249,"column":9}},"249":{"start":{"line":250,"column":0},"end":{"line":250,"column":30}},"250":{"start":{"line":251,"column":0},"end":{"line":251,"column":24}},"251":{"start":{"line":252,"column":0},"end":{"line":252,"column":9}},"252":{"start":{"line":253,"column":0},"end":{"line":253,"column":30}},"253":{"start":{"line":254,"column":0},"end":{"line":254,"column":22}},"254":{"start":{"line":255,"column":0},"end":{"line":255,"column":9}},"255":{"start":{"line":256,"column":0},"end":{"line":256,"column":5}},"256":{"start":{"line":257,"column":0},"end":{"line":257,"column":67}},"257":{"start":{"line":258,"column":0},"end":{"line":258,"column":139}},"258":{"start":{"line":259,"column":0},"end":{"line":259,"column":14}},"259":{"start":{"line":260,"column":0},"end":{"line":260,"column":12}},"260":{"start":{"line":261,"column":0},"end":{"line":261,"column":12}},"261":{"start":{"line":262,"column":0},"end":{"line":262,"column":29}},"262":{"start":{"line":263,"column":0},"end":{"line":263,"column":5}},"263":{"start":{"line":264,"column":0},"end":{"line":264,"column":3}},"264":{"start":{"line":265,"column":0},"end":{"line":265,"column":0}},"265":{"start":{"line":266,"column":0},"end":{"line":266,"column":2}},"266":{"start":{"line":267,"column":0},"end":{"line":267,"column":0}},"267":{"start":{"line":268,"column":0},"end":{"line":268,"column":13}},"268":{"start":{"line":269,"column":0},"end":{"line":269,"column":0}},"269":{"start":{"line":270,"column":0},"end":{"line":270,"column":62}},"270":{"start":{"line":271,"column":0},"end":{"line":271,"column":43}},"271":{"start":{"line":272,"column":0},"end":{"line":272,"column":32}},"272":{"start":{"line":273,"column":0},"end":{"line":273,"column":57}},"273":{"start":{"line":274,"column":0},"end":{"line":274,"column":4}},"274":{"start":{"line":275,"column":0},"end":{"line":275,"column":0}},"275":{"start":{"line":276,"column":0},"end":{"line":276,"column":53}},"276":{"start":{"line":277,"column":0},"end":{"line":277,"column":35}},"277":{"start":{"line":278,"column":0},"end":{"line":278,"column":26}},"278":{"start":{"line":279,"column":0},"end":{"line":279,"column":22}},"279":{"start":{"line":280,"column":0},"end":{"line":280,"column":5}},"280":{"start":{"line":281,"column":0},"end":{"line":281,"column":0}},"281":{"start":{"line":282,"column":0},"end":{"line":282,"column":51}},"282":{"start":{"line":283,"column":0},"end":{"line":283,"column":4}},"283":{"start":{"line":284,"column":0},"end":{"line":284,"column":0}},"284":{"start":{"line":285,"column":0},"end":{"line":285,"column":55}},"285":{"start":{"line":286,"column":0},"end":{"line":286,"column":82}},"286":{"start":{"line":287,"column":0},"end":{"line":287,"column":0}},"287":{"start":{"line":288,"column":0},"end":{"line":288,"column":35}},"288":{"start":{"line":289,"column":0},"end":{"line":289,"column":26}},"289":{"start":{"line":290,"column":0},"end":{"line":290,"column":22}},"290":{"start":{"line":291,"column":0},"end":{"line":291,"column":5}},"291":{"start":{"line":292,"column":0},"end":{"line":292,"column":0}},"292":{"start":{"line":293,"column":0},"end":{"line":293,"column":33}},"293":{"start":{"line":294,"column":0},"end":{"line":294,"column":86}},"294":{"start":{"line":295,"column":0},"end":{"line":295,"column":5}},"295":{"start":{"line":296,"column":0},"end":{"line":296,"column":0}},"296":{"start":{"line":297,"column":0},"end":{"line":297,"column":63}},"297":{"start":{"line":298,"column":0},"end":{"line":298,"column":13}},"298":{"start":{"line":299,"column":0},"end":{"line":299,"column":5}},"299":{"start":{"line":300,"column":0},"end":{"line":300,"column":0}},"300":{"start":{"line":301,"column":0},"end":{"line":301,"column":67}},"301":{"start":{"line":302,"column":0},"end":{"line":302,"column":39}},"302":{"start":{"line":303,"column":0},"end":{"line":303,"column":68}},"303":{"start":{"line":304,"column":0},"end":{"line":304,"column":17}},"304":{"start":{"line":305,"column":0},"end":{"line":305,"column":4}},"305":{"start":{"line":306,"column":0},"end":{"line":306,"column":0}},"306":{"start":{"line":307,"column":0},"end":{"line":307,"column":126}},"307":{"start":{"line":308,"column":0},"end":{"line":308,"column":29}},"308":{"start":{"line":309,"column":0},"end":{"line":309,"column":38}},"309":{"start":{"line":310,"column":0},"end":{"line":310,"column":4}},"310":{"start":{"line":311,"column":0},"end":{"line":311,"column":0}},"311":{"start":{"line":312,"column":0},"end":{"line":312,"column":18}},"312":{"start":{"line":313,"column":0},"end":{"line":313,"column":76}},"313":{"start":{"line":314,"column":0},"end":{"line":314,"column":29}},"314":{"start":{"line":315,"column":0},"end":{"line":315,"column":26}},"315":{"start":{"line":316,"column":0},"end":{"line":316,"column":93}},"316":{"start":{"line":317,"column":0},"end":{"line":317,"column":5}},"317":{"start":{"line":318,"column":0},"end":{"line":318,"column":22}},"318":{"start":{"line":319,"column":0},"end":{"line":319,"column":19}},"319":{"start":{"line":320,"column":0},"end":{"line":320,"column":21}},"320":{"start":{"line":321,"column":0},"end":{"line":321,"column":18}},"321":{"start":{"line":322,"column":0},"end":{"line":322,"column":6}},"322":{"start":{"line":323,"column":0},"end":{"line":323,"column":63}},"323":{"start":{"line":324,"column":0},"end":{"line":324,"column":20}},"324":{"start":{"line":325,"column":0},"end":{"line":325,"column":43}},"325":{"start":{"line":326,"column":0},"end":{"line":326,"column":19}},"326":{"start":{"line":327,"column":0},"end":{"line":327,"column":32}},"327":{"start":{"line":328,"column":0},"end":{"line":328,"column":130}},"328":{"start":{"line":329,"column":0},"end":{"line":329,"column":7}},"329":{"start":{"line":330,"column":0},"end":{"line":330,"column":5}},"330":{"start":{"line":331,"column":0},"end":{"line":331,"column":49}},"331":{"start":{"line":332,"column":0},"end":{"line":332,"column":36}},"332":{"start":{"line":333,"column":0},"end":{"line":333,"column":21}},"333":{"start":{"line":334,"column":0},"end":{"line":334,"column":18}},"334":{"start":{"line":335,"column":0},"end":{"line":335,"column":7}},"335":{"start":{"line":336,"column":0},"end":{"line":336,"column":4}},"336":{"start":{"line":337,"column":0},"end":{"line":337,"column":0}},"337":{"start":{"line":338,"column":0},"end":{"line":338,"column":121}},"338":{"start":{"line":339,"column":0},"end":{"line":339,"column":77}},"339":{"start":{"line":340,"column":0},"end":{"line":340,"column":46}},"340":{"start":{"line":341,"column":0},"end":{"line":341,"column":62}},"341":{"start":{"line":342,"column":0},"end":{"line":342,"column":4}},"342":{"start":{"line":343,"column":0},"end":{"line":343,"column":0}},"343":{"start":{"line":344,"column":0},"end":{"line":344,"column":49}},"344":{"start":{"line":345,"column":0},"end":{"line":345,"column":62}},"345":{"start":{"line":346,"column":0},"end":{"line":346,"column":4}},"346":{"start":{"line":347,"column":0},"end":{"line":347,"column":0}},"347":{"start":{"line":348,"column":0},"end":{"line":348,"column":50}},"348":{"start":{"line":349,"column":0},"end":{"line":349,"column":73}},"349":{"start":{"line":350,"column":0},"end":{"line":350,"column":4}},"350":{"start":{"line":351,"column":0},"end":{"line":351,"column":0}},"351":{"start":{"line":352,"column":0},"end":{"line":352,"column":53}},"352":{"start":{"line":353,"column":0},"end":{"line":353,"column":74}},"353":{"start":{"line":354,"column":0},"end":{"line":354,"column":4}},"354":{"start":{"line":355,"column":0},"end":{"line":355,"column":0}},"355":{"start":{"line":356,"column":0},"end":{"line":356,"column":52}},"356":{"start":{"line":357,"column":0},"end":{"line":357,"column":63}},"357":{"start":{"line":358,"column":0},"end":{"line":358,"column":4}},"358":{"start":{"line":359,"column":0},"end":{"line":359,"column":0}},"359":{"start":{"line":360,"column":0},"end":{"line":360,"column":55}},"360":{"start":{"line":361,"column":0},"end":{"line":361,"column":63}},"361":{"start":{"line":362,"column":0},"end":{"line":362,"column":4}},"362":{"start":{"line":363,"column":0},"end":{"line":363,"column":0}},"363":{"start":{"line":364,"column":0},"end":{"line":364,"column":46}},"364":{"start":{"line":365,"column":0},"end":{"line":365,"column":27}},"365":{"start":{"line":366,"column":0},"end":{"line":366,"column":0}},"366":{"start":{"line":367,"column":0},"end":{"line":367,"column":39}},"367":{"start":{"line":368,"column":0},"end":{"line":368,"column":25}},"368":{"start":{"line":369,"column":0},"end":{"line":369,"column":22}},"369":{"start":{"line":370,"column":0},"end":{"line":370,"column":5}},"370":{"start":{"line":371,"column":0},"end":{"line":371,"column":0}},"371":{"start":{"line":372,"column":0},"end":{"line":372,"column":9}},"372":{"start":{"line":373,"column":0},"end":{"line":373,"column":14}},"373":{"start":{"line":374,"column":0},"end":{"line":374,"column":17}},"374":{"start":{"line":375,"column":0},"end":{"line":375,"column":17}},"375":{"start":{"line":376,"column":0},"end":{"line":376,"column":5}},"376":{"start":{"line":377,"column":0},"end":{"line":377,"column":0}},"377":{"start":{"line":378,"column":0},"end":{"line":378,"column":17}},"378":{"start":{"line":379,"column":0},"end":{"line":379,"column":47}},"379":{"start":{"line":380,"column":0},"end":{"line":380,"column":22}},"380":{"start":{"line":381,"column":0},"end":{"line":381,"column":18}},"381":{"start":{"line":382,"column":0},"end":{"line":382,"column":29}},"382":{"start":{"line":383,"column":0},"end":{"line":383,"column":59}},"383":{"start":{"line":384,"column":0},"end":{"line":384,"column":35}},"384":{"start":{"line":385,"column":0},"end":{"line":385,"column":34}},"385":{"start":{"line":386,"column":0},"end":{"line":386,"column":46}},"386":{"start":{"line":387,"column":0},"end":{"line":387,"column":18}},"387":{"start":{"line":388,"column":0},"end":{"line":388,"column":82}},"388":{"start":{"line":389,"column":0},"end":{"line":389,"column":54}},"389":{"start":{"line":390,"column":0},"end":{"line":390,"column":18}},"390":{"start":{"line":391,"column":0},"end":{"line":391,"column":7}},"391":{"start":{"line":392,"column":0},"end":{"line":392,"column":5}},"392":{"start":{"line":393,"column":0},"end":{"line":393,"column":0}},"393":{"start":{"line":394,"column":0},"end":{"line":394,"column":26}},"394":{"start":{"line":395,"column":0},"end":{"line":395,"column":4}},"395":{"start":{"line":396,"column":0},"end":{"line":396,"column":0}},"396":{"start":{"line":397,"column":0},"end":{"line":397,"column":26}},"397":{"start":{"line":398,"column":0},"end":{"line":398,"column":35}},"398":{"start":{"line":399,"column":0},"end":{"line":399,"column":31}},"399":{"start":{"line":400,"column":0},"end":{"line":400,"column":53}},"400":{"start":{"line":401,"column":0},"end":{"line":401,"column":13}},"401":{"start":{"line":402,"column":0},"end":{"line":402,"column":5}},"402":{"start":{"line":403,"column":0},"end":{"line":403,"column":31}},"403":{"start":{"line":404,"column":0},"end":{"line":404,"column":55}},"404":{"start":{"line":405,"column":0},"end":{"line":405,"column":27}},"405":{"start":{"line":406,"column":0},"end":{"line":406,"column":5}},"406":{"start":{"line":407,"column":0},"end":{"line":407,"column":53}},"407":{"start":{"line":408,"column":0},"end":{"line":408,"column":31}},"408":{"start":{"line":409,"column":0},"end":{"line":409,"column":36}},"409":{"start":{"line":410,"column":0},"end":{"line":410,"column":35}},"410":{"start":{"line":411,"column":0},"end":{"line":411,"column":17}},"411":{"start":{"line":412,"column":0},"end":{"line":412,"column":9}},"412":{"start":{"line":413,"column":0},"end":{"line":413,"column":31}},"413":{"start":{"line":414,"column":0},"end":{"line":414,"column":39}},"414":{"start":{"line":415,"column":0},"end":{"line":415,"column":9}},"415":{"start":{"line":416,"column":0},"end":{"line":416,"column":0}},"416":{"start":{"line":417,"column":0},"end":{"line":417,"column":32}},"417":{"start":{"line":418,"column":0},"end":{"line":418,"column":22}},"418":{"start":{"line":419,"column":0},"end":{"line":419,"column":13}},"419":{"start":{"line":420,"column":0},"end":{"line":420,"column":12}},"420":{"start":{"line":421,"column":0},"end":{"line":421,"column":30}},"421":{"start":{"line":422,"column":0},"end":{"line":422,"column":20}},"422":{"start":{"line":423,"column":0},"end":{"line":423,"column":5}},"423":{"start":{"line":424,"column":0},"end":{"line":424,"column":4}},"424":{"start":{"line":425,"column":0},"end":{"line":425,"column":0}},"425":{"start":{"line":426,"column":0},"end":{"line":426,"column":25}},"426":{"start":{"line":427,"column":0},"end":{"line":427,"column":35}},"427":{"start":{"line":428,"column":0},"end":{"line":428,"column":27}},"428":{"start":{"line":429,"column":0},"end":{"line":429,"column":0}},"429":{"start":{"line":430,"column":0},"end":{"line":430,"column":53}},"430":{"start":{"line":431,"column":0},"end":{"line":431,"column":35}},"431":{"start":{"line":432,"column":0},"end":{"line":432,"column":53}},"432":{"start":{"line":433,"column":0},"end":{"line":433,"column":44}},"433":{"start":{"line":434,"column":0},"end":{"line":434,"column":29}},"434":{"start":{"line":435,"column":0},"end":{"line":435,"column":22}},"435":{"start":{"line":436,"column":0},"end":{"line":436,"column":29}},"436":{"start":{"line":437,"column":0},"end":{"line":437,"column":5}},"437":{"start":{"line":438,"column":0},"end":{"line":438,"column":3}},"438":{"start":{"line":439,"column":0},"end":{"line":439,"column":2}},"439":{"start":{"line":440,"column":0},"end":{"line":440,"column":0}},"440":{"start":{"line":441,"column":0},"end":{"line":441,"column":47}},"441":{"start":{"line":442,"column":0},"end":{"line":442,"column":13}},"442":{"start":{"line":443,"column":0},"end":{"line":443,"column":16}},"443":{"start":{"line":444,"column":0},"end":{"line":444,"column":22}},"444":{"start":{"line":445,"column":0},"end":{"line":445,"column":18}},"445":{"start":{"line":446,"column":0},"end":{"line":446,"column":72}},"446":{"start":{"line":447,"column":0},"end":{"line":447,"column":24}},"447":{"start":{"line":448,"column":0},"end":{"line":448,"column":5}},"448":{"start":{"line":449,"column":0},"end":{"line":449,"column":0}},"449":{"start":{"line":450,"column":0},"end":{"line":450,"column":74}},"450":{"start":{"line":451,"column":0},"end":{"line":451,"column":29}},"451":{"start":{"line":452,"column":0},"end":{"line":452,"column":27}},"452":{"start":{"line":453,"column":0},"end":{"line":453,"column":117}},"453":{"start":{"line":454,"column":0},"end":{"line":454,"column":2}},"454":{"start":{"line":455,"column":0},"end":{"line":455,"column":25}},"455":{"start":{"line":456,"column":0},"end":{"line":456,"column":119}},"456":{"start":{"line":457,"column":0},"end":{"line":457,"column":2}},"457":{"start":{"line":458,"column":0},"end":{"line":458,"column":0}},"458":{"start":{"line":459,"column":0},"end":{"line":459,"column":26}},"459":{"start":{"line":460,"column":0},"end":{"line":460,"column":14}},"460":{"start":{"line":461,"column":0},"end":{"line":461,"column":30}},"461":{"start":{"line":462,"column":0},"end":{"line":462,"column":12}},"462":{"start":{"line":463,"column":0},"end":{"line":463,"column":0}},"463":{"start":{"line":464,"column":0},"end":{"line":464,"column":31}},"464":{"start":{"line":465,"column":0},"end":{"line":465,"column":17}},"465":{"start":{"line":466,"column":0},"end":{"line":466,"column":0}},"466":{"start":{"line":467,"column":0},"end":{"line":467,"column":42}},"467":{"start":{"line":468,"column":0},"end":{"line":468,"column":80}},"468":{"start":{"line":469,"column":0},"end":{"line":469,"column":20}},"469":{"start":{"line":470,"column":0},"end":{"line":470,"column":0}},"470":{"start":{"line":471,"column":0},"end":{"line":471,"column":50}},"471":{"start":{"line":472,"column":0},"end":{"line":472,"column":64}},"472":{"start":{"line":473,"column":0},"end":{"line":473,"column":16}},"473":{"start":{"line":474,"column":0},"end":{"line":474,"column":0}},"474":{"start":{"line":475,"column":0},"end":{"line":475,"column":57}},"475":{"start":{"line":476,"column":0},"end":{"line":476,"column":19}},"476":{"start":{"line":477,"column":0},"end":{"line":477,"column":0}},"477":{"start":{"line":478,"column":0},"end":{"line":478,"column":41}},"478":{"start":{"line":479,"column":0},"end":{"line":479,"column":0}},"479":{"start":{"line":480,"column":0},"end":{"line":480,"column":27}},"480":{"start":{"line":481,"column":0},"end":{"line":481,"column":12}},"481":{"start":{"line":482,"column":0},"end":{"line":482,"column":11}},"482":{"start":{"line":483,"column":0},"end":{"line":483,"column":10}},"483":{"start":{"line":484,"column":0},"end":{"line":484,"column":16}},"484":{"start":{"line":485,"column":0},"end":{"line":485,"column":15}},"485":{"start":{"line":486,"column":0},"end":{"line":486,"column":18}},"486":{"start":{"line":487,"column":0},"end":{"line":487,"column":16}},"487":{"start":{"line":488,"column":0},"end":{"line":488,"column":2}},"488":{"start":{"line":489,"column":0},"end":{"line":489,"column":0}},"489":{"start":{"line":490,"column":0},"end":{"line":490,"column":18}},"490":{"start":{"line":491,"column":0},"end":{"line":491,"column":13}},"491":{"start":{"line":492,"column":0},"end":{"line":492,"column":70}},"492":{"start":{"line":493,"column":0},"end":{"line":493,"column":53}},"493":{"start":{"line":494,"column":0},"end":{"line":494,"column":27}},"494":{"start":{"line":495,"column":0},"end":{"line":495,"column":19}},"495":{"start":{"line":496,"column":0},"end":{"line":496,"column":12}},"496":{"start":{"line":497,"column":0},"end":{"line":497,"column":0}},"497":{"start":{"line":498,"column":0},"end":{"line":498,"column":22}},"498":{"start":{"line":499,"column":0},"end":{"line":499,"column":40}},"499":{"start":{"line":500,"column":0},"end":{"line":500,"column":41}},"500":{"start":{"line":501,"column":0},"end":{"line":501,"column":56}},"501":{"start":{"line":502,"column":0},"end":{"line":502,"column":70}},"502":{"start":{"line":503,"column":0},"end":{"line":503,"column":78}},"503":{"start":{"line":504,"column":0},"end":{"line":504,"column":47}},"504":{"start":{"line":505,"column":0},"end":{"line":505,"column":5}},"505":{"start":{"line":506,"column":0},"end":{"line":506,"column":3}},"506":{"start":{"line":507,"column":0},"end":{"line":507,"column":0}},"507":{"start":{"line":508,"column":0},"end":{"line":508,"column":30}},"508":{"start":{"line":509,"column":0},"end":{"line":509,"column":35}},"509":{"start":{"line":510,"column":0},"end":{"line":510,"column":0}},"510":{"start":{"line":511,"column":0},"end":{"line":511,"column":63}},"511":{"start":{"line":512,"column":0},"end":{"line":512,"column":48}},"512":{"start":{"line":513,"column":0},"end":{"line":513,"column":5}},"513":{"start":{"line":514,"column":0},"end":{"line":514,"column":0}},"514":{"start":{"line":515,"column":0},"end":{"line":515,"column":58}},"515":{"start":{"line":516,"column":0},"end":{"line":516,"column":89}},"516":{"start":{"line":517,"column":0},"end":{"line":517,"column":73}},"517":{"start":{"line":518,"column":0},"end":{"line":518,"column":24}},"518":{"start":{"line":519,"column":0},"end":{"line":519,"column":23}},"519":{"start":{"line":520,"column":0},"end":{"line":520,"column":1}},"520":{"start":{"line":521,"column":0},"end":{"line":521,"column":0}},"521":{"start":{"line":522,"column":0},"end":{"line":522,"column":81}},"522":{"start":{"line":523,"column":0},"end":{"line":523,"column":15}},"523":{"start":{"line":524,"column":0},"end":{"line":524,"column":17}},"524":{"start":{"line":525,"column":0},"end":{"line":525,"column":0}},"525":{"start":{"line":526,"column":0},"end":{"line":526,"column":41}},"526":{"start":{"line":527,"column":0},"end":{"line":527,"column":20}},"527":{"start":{"line":528,"column":0},"end":{"line":528,"column":20}},"528":{"start":{"line":529,"column":0},"end":{"line":529,"column":32}},"529":{"start":{"line":530,"column":0},"end":{"line":530,"column":38}},"530":{"start":{"line":531,"column":0},"end":{"line":531,"column":27}},"531":{"start":{"line":532,"column":0},"end":{"line":532,"column":23}},"532":{"start":{"line":533,"column":0},"end":{"line":533,"column":22}},"533":{"start":{"line":534,"column":0},"end":{"line":534,"column":22}},"534":{"start":{"line":535,"column":0},"end":{"line":535,"column":21}},"535":{"start":{"line":536,"column":0},"end":{"line":536,"column":17}},"536":{"start":{"line":537,"column":0},"end":{"line":537,"column":16}},"537":{"start":{"line":538,"column":0},"end":{"line":538,"column":18}},"538":{"start":{"line":539,"column":0},"end":{"line":539,"column":7}},"539":{"start":{"line":540,"column":0},"end":{"line":540,"column":0}},"540":{"start":{"line":541,"column":0},"end":{"line":541,"column":30}},"541":{"start":{"line":542,"column":0},"end":{"line":542,"column":18}},"542":{"start":{"line":543,"column":0},"end":{"line":543,"column":23}},"543":{"start":{"line":544,"column":0},"end":{"line":544,"column":80}},"544":{"start":{"line":545,"column":0},"end":{"line":545,"column":39}},"545":{"start":{"line":546,"column":0},"end":{"line":546,"column":53}},"546":{"start":{"line":547,"column":0},"end":{"line":547,"column":42}},"547":{"start":{"line":548,"column":0},"end":{"line":548,"column":37}},"548":{"start":{"line":549,"column":0},"end":{"line":549,"column":5}},"549":{"start":{"line":550,"column":0},"end":{"line":550,"column":0}},"550":{"start":{"line":551,"column":0},"end":{"line":551,"column":36}},"551":{"start":{"line":552,"column":0},"end":{"line":552,"column":36}},"552":{"start":{"line":553,"column":0},"end":{"line":553,"column":40}},"553":{"start":{"line":554,"column":0},"end":{"line":554,"column":0}},"554":{"start":{"line":555,"column":0},"end":{"line":555,"column":18}},"555":{"start":{"line":556,"column":0},"end":{"line":556,"column":27}},"556":{"start":{"line":557,"column":0},"end":{"line":557,"column":5}},"557":{"start":{"line":558,"column":0},"end":{"line":558,"column":0}},"558":{"start":{"line":559,"column":0},"end":{"line":559,"column":19}},"559":{"start":{"line":560,"column":0},"end":{"line":560,"column":28}},"560":{"start":{"line":561,"column":0},"end":{"line":561,"column":5}},"561":{"start":{"line":562,"column":0},"end":{"line":562,"column":0}},"562":{"start":{"line":563,"column":0},"end":{"line":563,"column":19}},"563":{"start":{"line":564,"column":0},"end":{"line":564,"column":46}},"564":{"start":{"line":565,"column":0},"end":{"line":565,"column":5}},"565":{"start":{"line":566,"column":0},"end":{"line":566,"column":0}},"566":{"start":{"line":567,"column":0},"end":{"line":567,"column":18}},"567":{"start":{"line":568,"column":0},"end":{"line":568,"column":45}},"568":{"start":{"line":569,"column":0},"end":{"line":569,"column":37}},"569":{"start":{"line":570,"column":0},"end":{"line":570,"column":34}},"570":{"start":{"line":571,"column":0},"end":{"line":571,"column":53}},"571":{"start":{"line":572,"column":0},"end":{"line":572,"column":49}},"572":{"start":{"line":573,"column":0},"end":{"line":573,"column":5}},"573":{"start":{"line":574,"column":0},"end":{"line":574,"column":4}},"574":{"start":{"line":575,"column":0},"end":{"line":575,"column":0}},"575":{"start":{"line":576,"column":0},"end":{"line":576,"column":65}},"576":{"start":{"line":577,"column":0},"end":{"line":577,"column":76}},"577":{"start":{"line":578,"column":0},"end":{"line":578,"column":21}},"578":{"start":{"line":579,"column":0},"end":{"line":579,"column":26}},"579":{"start":{"line":580,"column":0},"end":{"line":580,"column":56}},"580":{"start":{"line":581,"column":0},"end":{"line":581,"column":12}},"581":{"start":{"line":582,"column":0},"end":{"line":582,"column":39}},"582":{"start":{"line":583,"column":0},"end":{"line":583,"column":19}},"583":{"start":{"line":584,"column":0},"end":{"line":584,"column":40}},"584":{"start":{"line":585,"column":0},"end":{"line":585,"column":7}},"585":{"start":{"line":586,"column":0},"end":{"line":586,"column":5}},"586":{"start":{"line":587,"column":0},"end":{"line":587,"column":4}},"587":{"start":{"line":588,"column":0},"end":{"line":588,"column":0}},"588":{"start":{"line":589,"column":0},"end":{"line":589,"column":36}},"589":{"start":{"line":590,"column":0},"end":{"line":590,"column":53}},"590":{"start":{"line":591,"column":0},"end":{"line":591,"column":47}},"591":{"start":{"line":592,"column":0},"end":{"line":592,"column":33}},"592":{"start":{"line":593,"column":0},"end":{"line":593,"column":50}},"593":{"start":{"line":594,"column":0},"end":{"line":594,"column":76}},"594":{"start":{"line":595,"column":0},"end":{"line":595,"column":60}},"595":{"start":{"line":596,"column":0},"end":{"line":596,"column":34}},"596":{"start":{"line":597,"column":0},"end":{"line":597,"column":0}},"597":{"start":{"line":598,"column":0},"end":{"line":598,"column":34}},"598":{"start":{"line":599,"column":0},"end":{"line":599,"column":32}},"599":{"start":{"line":600,"column":0},"end":{"line":600,"column":5}},"600":{"start":{"line":601,"column":0},"end":{"line":601,"column":4}},"601":{"start":{"line":602,"column":0},"end":{"line":602,"column":0}},"602":{"start":{"line":603,"column":0},"end":{"line":603,"column":30}},"603":{"start":{"line":604,"column":0},"end":{"line":604,"column":29}},"604":{"start":{"line":605,"column":0},"end":{"line":605,"column":43}},"605":{"start":{"line":606,"column":0},"end":{"line":606,"column":4}},"606":{"start":{"line":607,"column":0},"end":{"line":607,"column":0}},"607":{"start":{"line":608,"column":0},"end":{"line":608,"column":31}},"608":{"start":{"line":609,"column":0},"end":{"line":609,"column":37}},"609":{"start":{"line":610,"column":0},"end":{"line":610,"column":27}},"610":{"start":{"line":611,"column":0},"end":{"line":611,"column":0}},"611":{"start":{"line":612,"column":0},"end":{"line":612,"column":39}},"612":{"start":{"line":613,"column":0},"end":{"line":613,"column":5}},"613":{"start":{"line":614,"column":0},"end":{"line":614,"column":23}},"614":{"start":{"line":615,"column":0},"end":{"line":615,"column":22}},"615":{"start":{"line":616,"column":0},"end":{"line":616,"column":5}},"616":{"start":{"line":617,"column":0},"end":{"line":617,"column":0}},"617":{"start":{"line":618,"column":0},"end":{"line":618,"column":73}},"618":{"start":{"line":619,"column":0},"end":{"line":619,"column":0}},"619":{"start":{"line":620,"column":0},"end":{"line":620,"column":19}},"620":{"start":{"line":621,"column":0},"end":{"line":621,"column":20}},"621":{"start":{"line":622,"column":0},"end":{"line":622,"column":25}},"622":{"start":{"line":623,"column":0},"end":{"line":623,"column":23}},"623":{"start":{"line":624,"column":0},"end":{"line":624,"column":9}},"624":{"start":{"line":625,"column":0},"end":{"line":625,"column":24}},"625":{"start":{"line":626,"column":0},"end":{"line":626,"column":20}},"626":{"start":{"line":627,"column":0},"end":{"line":627,"column":21}},"627":{"start":{"line":628,"column":0},"end":{"line":628,"column":19}},"628":{"start":{"line":629,"column":0},"end":{"line":629,"column":18}},"629":{"start":{"line":630,"column":0},"end":{"line":630,"column":20}},"630":{"start":{"line":631,"column":0},"end":{"line":631,"column":22}},"631":{"start":{"line":632,"column":0},"end":{"line":632,"column":36}},"632":{"start":{"line":633,"column":0},"end":{"line":633,"column":5}},"633":{"start":{"line":634,"column":0},"end":{"line":634,"column":34}},"634":{"start":{"line":635,"column":0},"end":{"line":635,"column":24}},"635":{"start":{"line":636,"column":0},"end":{"line":636,"column":5}},"636":{"start":{"line":637,"column":0},"end":{"line":637,"column":21}},"637":{"start":{"line":638,"column":0},"end":{"line":638,"column":4}},"638":{"start":{"line":639,"column":0},"end":{"line":639,"column":0}},"639":{"start":{"line":640,"column":0},"end":{"line":640,"column":53}},"640":{"start":{"line":641,"column":0},"end":{"line":641,"column":26}},"641":{"start":{"line":642,"column":0},"end":{"line":642,"column":87}},"642":{"start":{"line":643,"column":0},"end":{"line":643,"column":5}},"643":{"start":{"line":644,"column":0},"end":{"line":644,"column":19}},"644":{"start":{"line":645,"column":0},"end":{"line":645,"column":21}},"645":{"start":{"line":646,"column":0},"end":{"line":646,"column":23}},"646":{"start":{"line":647,"column":0},"end":{"line":647,"column":21}},"647":{"start":{"line":648,"column":0},"end":{"line":648,"column":24}},"648":{"start":{"line":649,"column":0},"end":{"line":649,"column":6}},"649":{"start":{"line":650,"column":0},"end":{"line":650,"column":0}},"650":{"start":{"line":651,"column":0},"end":{"line":651,"column":71}},"651":{"start":{"line":652,"column":0},"end":{"line":652,"column":66}},"652":{"start":{"line":653,"column":0},"end":{"line":653,"column":25}},"653":{"start":{"line":654,"column":0},"end":{"line":654,"column":18}},"654":{"start":{"line":655,"column":0},"end":{"line":655,"column":63}},"655":{"start":{"line":656,"column":0},"end":{"line":656,"column":59}},"656":{"start":{"line":657,"column":0},"end":{"line":657,"column":112}},"657":{"start":{"line":658,"column":0},"end":{"line":658,"column":31}},"658":{"start":{"line":659,"column":0},"end":{"line":659,"column":101}},"659":{"start":{"line":660,"column":0},"end":{"line":660,"column":118}},"660":{"start":{"line":661,"column":0},"end":{"line":661,"column":7}},"661":{"start":{"line":662,"column":0},"end":{"line":662,"column":42}},"662":{"start":{"line":663,"column":0},"end":{"line":663,"column":19}},"663":{"start":{"line":664,"column":0},"end":{"line":664,"column":32}},"664":{"start":{"line":665,"column":0},"end":{"line":665,"column":118}},"665":{"start":{"line":666,"column":0},"end":{"line":666,"column":7}},"666":{"start":{"line":667,"column":0},"end":{"line":667,"column":27}},"667":{"start":{"line":668,"column":0},"end":{"line":668,"column":5}},"668":{"start":{"line":669,"column":0},"end":{"line":669,"column":0}},"669":{"start":{"line":670,"column":0},"end":{"line":670,"column":49}},"670":{"start":{"line":671,"column":0},"end":{"line":671,"column":0}},"671":{"start":{"line":672,"column":0},"end":{"line":672,"column":36}},"672":{"start":{"line":673,"column":0},"end":{"line":673,"column":23}},"673":{"start":{"line":674,"column":0},"end":{"line":674,"column":21}},"674":{"start":{"line":675,"column":0},"end":{"line":675,"column":7}},"675":{"start":{"line":676,"column":0},"end":{"line":676,"column":4}},"676":{"start":{"line":677,"column":0},"end":{"line":677,"column":0}},"677":{"start":{"line":678,"column":0},"end":{"line":678,"column":42}},"678":{"start":{"line":679,"column":0},"end":{"line":679,"column":19}},"679":{"start":{"line":680,"column":0},"end":{"line":680,"column":20}},"680":{"start":{"line":681,"column":0},"end":{"line":681,"column":22}},"681":{"start":{"line":682,"column":0},"end":{"line":682,"column":6}},"682":{"start":{"line":683,"column":0},"end":{"line":683,"column":42}},"683":{"start":{"line":684,"column":0},"end":{"line":684,"column":17}},"684":{"start":{"line":685,"column":0},"end":{"line":685,"column":30}},"685":{"start":{"line":686,"column":0},"end":{"line":686,"column":131}},"686":{"start":{"line":687,"column":0},"end":{"line":687,"column":5}},"687":{"start":{"line":688,"column":0},"end":{"line":688,"column":49}},"688":{"start":{"line":689,"column":0},"end":{"line":689,"column":36}},"689":{"start":{"line":690,"column":0},"end":{"line":690,"column":20}},"690":{"start":{"line":691,"column":0},"end":{"line":691,"column":21}},"691":{"start":{"line":692,"column":0},"end":{"line":692,"column":7}},"692":{"start":{"line":693,"column":0},"end":{"line":693,"column":4}},"693":{"start":{"line":694,"column":0},"end":{"line":694,"column":0}},"694":{"start":{"line":695,"column":0},"end":{"line":695,"column":27}},"695":{"start":{"line":696,"column":0},"end":{"line":696,"column":61}},"696":{"start":{"line":697,"column":0},"end":{"line":697,"column":26}},"697":{"start":{"line":698,"column":0},"end":{"line":698,"column":10}},"698":{"start":{"line":699,"column":0},"end":{"line":699,"column":27}},"699":{"start":{"line":700,"column":0},"end":{"line":700,"column":42}},"700":{"start":{"line":701,"column":0},"end":{"line":701,"column":17}},"701":{"start":{"line":702,"column":0},"end":{"line":702,"column":7}},"702":{"start":{"line":703,"column":0},"end":{"line":703,"column":54}},"703":{"start":{"line":704,"column":0},"end":{"line":704,"column":50}},"704":{"start":{"line":705,"column":0},"end":{"line":705,"column":5}},"705":{"start":{"line":706,"column":0},"end":{"line":706,"column":65}},"706":{"start":{"line":707,"column":0},"end":{"line":707,"column":4}},"707":{"start":{"line":708,"column":0},"end":{"line":708,"column":0}},"708":{"start":{"line":709,"column":0},"end":{"line":709,"column":17}},"709":{"start":{"line":710,"column":0},"end":{"line":710,"column":9}},"710":{"start":{"line":711,"column":0},"end":{"line":711,"column":20}},"711":{"start":{"line":712,"column":0},"end":{"line":712,"column":3}},"712":{"start":{"line":713,"column":0},"end":{"line":713,"column":0}},"713":{"start":{"line":714,"column":0},"end":{"line":714,"column":92}},"714":{"start":{"line":715,"column":0},"end":{"line":715,"column":91}},"715":{"start":{"line":716,"column":0},"end":{"line":716,"column":65}},"716":{"start":{"line":717,"column":0},"end":{"line":717,"column":37}},"717":{"start":{"line":718,"column":0},"end":{"line":718,"column":80}},"718":{"start":{"line":719,"column":0},"end":{"line":719,"column":47}},"719":{"start":{"line":720,"column":0},"end":{"line":720,"column":42}},"720":{"start":{"line":721,"column":0},"end":{"line":721,"column":45}},"721":{"start":{"line":722,"column":0},"end":{"line":722,"column":40}},"722":{"start":{"line":723,"column":0},"end":{"line":723,"column":47}},"723":{"start":{"line":724,"column":0},"end":{"line":724,"column":38}},"724":{"start":{"line":725,"column":0},"end":{"line":725,"column":24}},"725":{"start":{"line":726,"column":0},"end":{"line":726,"column":50}},"726":{"start":{"line":727,"column":0},"end":{"line":727,"column":46}},"727":{"start":{"line":728,"column":0},"end":{"line":728,"column":48}},"728":{"start":{"line":729,"column":0},"end":{"line":729,"column":26}},"729":{"start":{"line":730,"column":0},"end":{"line":730,"column":54}},"730":{"start":{"line":731,"column":0},"end":{"line":731,"column":48}},"731":{"start":{"line":732,"column":0},"end":{"line":732,"column":51}},"732":{"start":{"line":733,"column":0},"end":{"line":733,"column":3}},"733":{"start":{"line":734,"column":0},"end":{"line":734,"column":0}},"734":{"start":{"line":735,"column":0},"end":{"line":735,"column":78}},"735":{"start":{"line":736,"column":0},"end":{"line":736,"column":24}},"736":{"start":{"line":737,"column":0},"end":{"line":737,"column":1}},"737":{"start":{"line":738,"column":0},"end":{"line":738,"column":0}},"738":{"start":{"line":739,"column":0},"end":{"line":739,"column":25}},"739":{"start":{"line":740,"column":0},"end":{"line":740,"column":44}},"740":{"start":{"line":741,"column":0},"end":{"line":741,"column":0}},"741":{"start":{"line":742,"column":0},"end":{"line":742,"column":54}},"742":{"start":{"line":743,"column":0},"end":{"line":743,"column":37}},"743":{"start":{"line":744,"column":0},"end":{"line":744,"column":15}},"744":{"start":{"line":745,"column":0},"end":{"line":745,"column":28}},"745":{"start":{"line":746,"column":0},"end":{"line":746,"column":0}},"746":{"start":{"line":747,"column":0},"end":{"line":747,"column":26}},"747":{"start":{"line":748,"column":0},"end":{"line":748,"column":0}},"748":{"start":{"line":749,"column":0},"end":{"line":749,"column":56}},"749":{"start":{"line":750,"column":0},"end":{"line":750,"column":40}},"750":{"start":{"line":751,"column":0},"end":{"line":751,"column":30}},"751":{"start":{"line":752,"column":0},"end":{"line":752,"column":39}},"752":{"start":{"line":753,"column":0},"end":{"line":753,"column":143}},"753":{"start":{"line":754,"column":0},"end":{"line":754,"column":3}},"754":{"start":{"line":755,"column":0},"end":{"line":755,"column":0}},"755":{"start":{"line":756,"column":0},"end":{"line":756,"column":40}},"756":{"start":{"line":757,"column":0},"end":{"line":757,"column":20}},"757":{"start":{"line":758,"column":0},"end":{"line":758,"column":46}},"758":{"start":{"line":759,"column":0},"end":{"line":759,"column":3}},"759":{"start":{"line":760,"column":0},"end":{"line":760,"column":34}},"760":{"start":{"line":761,"column":0},"end":{"line":761,"column":17}},"761":{"start":{"line":762,"column":0},"end":{"line":762,"column":123}},"762":{"start":{"line":763,"column":0},"end":{"line":763,"column":51}},"763":{"start":{"line":764,"column":0},"end":{"line":764,"column":22}},"764":{"start":{"line":765,"column":0},"end":{"line":765,"column":76}},"765":{"start":{"line":766,"column":0},"end":{"line":766,"column":44}},"766":{"start":{"line":767,"column":0},"end":{"line":767,"column":7}},"767":{"start":{"line":768,"column":0},"end":{"line":768,"column":3}},"768":{"start":{"line":769,"column":0},"end":{"line":769,"column":0}},"769":{"start":{"line":770,"column":0},"end":{"line":770,"column":47}},"770":{"start":{"line":771,"column":0},"end":{"line":771,"column":18}},"771":{"start":{"line":772,"column":0},"end":{"line":772,"column":49}},"772":{"start":{"line":773,"column":0},"end":{"line":773,"column":29}},"773":{"start":{"line":774,"column":0},"end":{"line":774,"column":36}},"774":{"start":{"line":775,"column":0},"end":{"line":775,"column":43}},"775":{"start":{"line":776,"column":0},"end":{"line":776,"column":54}},"776":{"start":{"line":777,"column":0},"end":{"line":777,"column":29}},"777":{"start":{"line":778,"column":0},"end":{"line":778,"column":50}},"778":{"start":{"line":779,"column":0},"end":{"line":779,"column":14}},"779":{"start":{"line":780,"column":0},"end":{"line":780,"column":71}},"780":{"start":{"line":781,"column":0},"end":{"line":781,"column":54}},"781":{"start":{"line":782,"column":0},"end":{"line":782,"column":7}},"782":{"start":{"line":783,"column":0},"end":{"line":783,"column":37}},"783":{"start":{"line":784,"column":0},"end":{"line":784,"column":29}},"784":{"start":{"line":785,"column":0},"end":{"line":785,"column":70}},"785":{"start":{"line":786,"column":0},"end":{"line":786,"column":16}},"786":{"start":{"line":787,"column":0},"end":{"line":787,"column":65}},"787":{"start":{"line":788,"column":0},"end":{"line":788,"column":9}},"788":{"start":{"line":789,"column":0},"end":{"line":789,"column":7}},"789":{"start":{"line":790,"column":0},"end":{"line":790,"column":7}},"790":{"start":{"line":791,"column":0},"end":{"line":791,"column":111}},"791":{"start":{"line":792,"column":0},"end":{"line":792,"column":28}},"792":{"start":{"line":793,"column":0},"end":{"line":793,"column":54}},"793":{"start":{"line":794,"column":0},"end":{"line":794,"column":48}},"794":{"start":{"line":795,"column":0},"end":{"line":795,"column":5}},"795":{"start":{"line":796,"column":0},"end":{"line":796,"column":34}},"796":{"start":{"line":797,"column":0},"end":{"line":797,"column":0}},"797":{"start":{"line":798,"column":0},"end":{"line":798,"column":48}},"798":{"start":{"line":799,"column":0},"end":{"line":799,"column":51}},"799":{"start":{"line":800,"column":0},"end":{"line":800,"column":42}},"800":{"start":{"line":801,"column":0},"end":{"line":801,"column":33}},"801":{"start":{"line":802,"column":0},"end":{"line":802,"column":3}},"802":{"start":{"line":803,"column":0},"end":{"line":803,"column":0}},"803":{"start":{"line":804,"column":0},"end":{"line":804,"column":33}},"804":{"start":{"line":805,"column":0},"end":{"line":805,"column":15}},"805":{"start":{"line":806,"column":0},"end":{"line":806,"column":36}},"806":{"start":{"line":807,"column":0},"end":{"line":807,"column":3}},"807":{"start":{"line":808,"column":0},"end":{"line":808,"column":0}},"808":{"start":{"line":809,"column":0},"end":{"line":809,"column":25}},"809":{"start":{"line":810,"column":0},"end":{"line":810,"column":18}},"810":{"start":{"line":811,"column":0},"end":{"line":811,"column":3}},"811":{"start":{"line":812,"column":0},"end":{"line":812,"column":2}},"812":{"start":{"line":813,"column":0},"end":{"line":813,"column":0}},"813":{"start":{"line":814,"column":0},"end":{"line":814,"column":37}},"814":{"start":{"line":815,"column":0},"end":{"line":815,"column":0}},"815":{"start":{"line":816,"column":0},"end":{"line":816,"column":60}},"816":{"start":{"line":817,"column":0},"end":{"line":817,"column":50}},"817":{"start":{"line":818,"column":0},"end":{"line":818,"column":31}},"818":{"start":{"line":819,"column":0},"end":{"line":819,"column":52}},"819":{"start":{"line":820,"column":0},"end":{"line":820,"column":10}},"820":{"start":{"line":821,"column":0},"end":{"line":821,"column":46}},"821":{"start":{"line":822,"column":0},"end":{"line":822,"column":54}},"822":{"start":{"line":823,"column":0},"end":{"line":823,"column":7}},"823":{"start":{"line":824,"column":0},"end":{"line":824,"column":3}},"824":{"start":{"line":825,"column":0},"end":{"line":825,"column":2}},"825":{"start":{"line":826,"column":0},"end":{"line":826,"column":0}},"826":{"start":{"line":827,"column":0},"end":{"line":827,"column":17}},"827":{"start":{"line":828,"column":0},"end":{"line":828,"column":24}},"828":{"start":{"line":829,"column":0},"end":{"line":829,"column":0}},"829":{"start":{"line":830,"column":0},"end":{"line":830,"column":32}},"830":{"start":{"line":831,"column":0},"end":{"line":831,"column":31}},"831":{"start":{"line":832,"column":0},"end":{"line":832,"column":47}},"832":{"start":{"line":833,"column":0},"end":{"line":833,"column":33}},"833":{"start":{"line":834,"column":0},"end":{"line":834,"column":37}},"834":{"start":{"line":835,"column":0},"end":{"line":835,"column":62}},"835":{"start":{"line":836,"column":0},"end":{"line":836,"column":35}},"836":{"start":{"line":837,"column":0},"end":{"line":837,"column":8}},"837":{"start":{"line":838,"column":0},"end":{"line":838,"column":3}},"838":{"start":{"line":839,"column":0},"end":{"line":839,"column":0}},"839":{"start":{"line":840,"column":0},"end":{"line":840,"column":34}},"840":{"start":{"line":841,"column":0},"end":{"line":841,"column":30}},"841":{"start":{"line":842,"column":0},"end":{"line":842,"column":43}},"842":{"start":{"line":843,"column":0},"end":{"line":843,"column":49}},"843":{"start":{"line":844,"column":0},"end":{"line":844,"column":12}},"844":{"start":{"line":845,"column":0},"end":{"line":845,"column":28}},"845":{"start":{"line":846,"column":0},"end":{"line":846,"column":14}},"846":{"start":{"line":847,"column":0},"end":{"line":847,"column":28}},"847":{"start":{"line":848,"column":0},"end":{"line":848,"column":30}},"848":{"start":{"line":849,"column":0},"end":{"line":849,"column":13}},"849":{"start":{"line":850,"column":0},"end":{"line":850,"column":46}},"850":{"start":{"line":851,"column":0},"end":{"line":851,"column":23}},"851":{"start":{"line":852,"column":0},"end":{"line":852,"column":46}},"852":{"start":{"line":853,"column":0},"end":{"line":853,"column":23}},"853":{"start":{"line":854,"column":0},"end":{"line":854,"column":23}},"854":{"start":{"line":855,"column":0},"end":{"line":855,"column":15}},"855":{"start":{"line":856,"column":0},"end":{"line":856,"column":0}},"856":{"start":{"line":857,"column":0},"end":{"line":857,"column":17}},"857":{"start":{"line":858,"column":0},"end":{"line":858,"column":72}},"858":{"start":{"line":859,"column":0},"end":{"line":859,"column":3}},"859":{"start":{"line":860,"column":0},"end":{"line":860,"column":0}},"860":{"start":{"line":861,"column":0},"end":{"line":861,"column":16}},"861":{"start":{"line":862,"column":0},"end":{"line":862,"column":46}},"862":{"start":{"line":863,"column":0},"end":{"line":863,"column":3}},"863":{"start":{"line":864,"column":0},"end":{"line":864,"column":0}},"864":{"start":{"line":865,"column":0},"end":{"line":865,"column":81}},"865":{"start":{"line":866,"column":0},"end":{"line":866,"column":59}},"866":{"start":{"line":867,"column":0},"end":{"line":867,"column":75}},"867":{"start":{"line":868,"column":0},"end":{"line":868,"column":22}},"868":{"start":{"line":869,"column":0},"end":{"line":869,"column":47}},"869":{"start":{"line":870,"column":0},"end":{"line":870,"column":53}},"870":{"start":{"line":871,"column":0},"end":{"line":871,"column":16}},"871":{"start":{"line":872,"column":0},"end":{"line":872,"column":3}},"872":{"start":{"line":873,"column":0},"end":{"line":873,"column":0}},"873":{"start":{"line":874,"column":0},"end":{"line":874,"column":55}},"874":{"start":{"line":875,"column":0},"end":{"line":875,"column":77}},"875":{"start":{"line":876,"column":0},"end":{"line":876,"column":37}},"876":{"start":{"line":877,"column":0},"end":{"line":877,"column":84}},"877":{"start":{"line":878,"column":0},"end":{"line":878,"column":39}},"878":{"start":{"line":879,"column":0},"end":{"line":879,"column":7}},"879":{"start":{"line":880,"column":0},"end":{"line":880,"column":5}},"880":{"start":{"line":881,"column":0},"end":{"line":881,"column":3}},"881":{"start":{"line":882,"column":0},"end":{"line":882,"column":0}},"882":{"start":{"line":883,"column":0},"end":{"line":883,"column":39}},"883":{"start":{"line":884,"column":0},"end":{"line":884,"column":29}},"884":{"start":{"line":885,"column":0},"end":{"line":885,"column":19}},"885":{"start":{"line":886,"column":0},"end":{"line":886,"column":28}},"886":{"start":{"line":887,"column":0},"end":{"line":887,"column":20}},"887":{"start":{"line":888,"column":0},"end":{"line":888,"column":6}},"888":{"start":{"line":889,"column":0},"end":{"line":889,"column":1}},"889":{"start":{"line":890,"column":0},"end":{"line":890,"column":0}},"890":{"start":{"line":891,"column":0},"end":{"line":891,"column":28}},"891":{"start":{"line":892,"column":0},"end":{"line":892,"column":29}},"892":{"start":{"line":893,"column":0},"end":{"line":893,"column":16}},"893":{"start":{"line":894,"column":0},"end":{"line":894,"column":0}},"894":{"start":{"line":895,"column":0},"end":{"line":895,"column":18}},"895":{"start":{"line":896,"column":0},"end":{"line":896,"column":16}},"896":{"start":{"line":897,"column":0},"end":{"line":897,"column":3}},"897":{"start":{"line":898,"column":0},"end":{"line":898,"column":0}},"898":{"start":{"line":899,"column":0},"end":{"line":899,"column":39}},"899":{"start":{"line":900,"column":0},"end":{"line":900,"column":14}},"900":{"start":{"line":901,"column":0},"end":{"line":901,"column":31}},"901":{"start":{"line":902,"column":0},"end":{"line":902,"column":3}},"902":{"start":{"line":903,"column":0},"end":{"line":903,"column":0}},"903":{"start":{"line":904,"column":0},"end":{"line":904,"column":40}},"904":{"start":{"line":905,"column":0},"end":{"line":905,"column":16}},"905":{"start":{"line":906,"column":0},"end":{"line":906,"column":3}},"906":{"start":{"line":907,"column":0},"end":{"line":907,"column":0}},"907":{"start":{"line":908,"column":0},"end":{"line":908,"column":14}},"908":{"start":{"line":909,"column":0},"end":{"line":909,"column":15}},"909":{"start":{"line":910,"column":0},"end":{"line":910,"column":3}},"910":{"start":{"line":911,"column":0},"end":{"line":911,"column":0}},"911":{"start":{"line":912,"column":0},"end":{"line":912,"column":13}},"912":{"start":{"line":913,"column":0},"end":{"line":913,"column":1}},"913":{"start":{"line":914,"column":0},"end":{"line":914,"column":0}},"914":{"start":{"line":915,"column":0},"end":{"line":915,"column":57}},"915":{"start":{"line":916,"column":0},"end":{"line":916,"column":92}},"916":{"start":{"line":917,"column":0},"end":{"line":917,"column":41}},"917":{"start":{"line":918,"column":0},"end":{"line":918,"column":23}},"918":{"start":{"line":919,"column":0},"end":{"line":919,"column":21}},"919":{"start":{"line":920,"column":0},"end":{"line":920,"column":12}},"920":{"start":{"line":921,"column":0},"end":{"line":921,"column":48}},"921":{"start":{"line":922,"column":0},"end":{"line":922,"column":23}},"922":{"start":{"line":923,"column":0},"end":{"line":923,"column":22}},"923":{"start":{"line":924,"column":0},"end":{"line":924,"column":36}},"924":{"start":{"line":925,"column":0},"end":{"line":925,"column":36}},"925":{"start":{"line":926,"column":0},"end":{"line":926,"column":20}},"926":{"start":{"line":927,"column":0},"end":{"line":927,"column":5}},"927":{"start":{"line":928,"column":0},"end":{"line":928,"column":25}},"928":{"start":{"line":929,"column":0},"end":{"line":929,"column":27}},"929":{"start":{"line":930,"column":0},"end":{"line":930,"column":24}},"930":{"start":{"line":931,"column":0},"end":{"line":931,"column":59}},"931":{"start":{"line":932,"column":0},"end":{"line":932,"column":65}},"932":{"start":{"line":933,"column":0},"end":{"line":933,"column":44}},"933":{"start":{"line":934,"column":0},"end":{"line":934,"column":13}},"934":{"start":{"line":935,"column":0},"end":{"line":935,"column":5}},"935":{"start":{"line":936,"column":0},"end":{"line":936,"column":44}},"936":{"start":{"line":937,"column":0},"end":{"line":937,"column":38}},"937":{"start":{"line":938,"column":0},"end":{"line":938,"column":3}},"938":{"start":{"line":939,"column":0},"end":{"line":939,"column":1}},"939":{"start":{"line":940,"column":0},"end":{"line":940,"column":39}},"940":{"start":{"line":941,"column":0},"end":{"line":941,"column":7}},"941":{"start":{"line":942,"column":0},"end":{"line":942,"column":22}},"942":{"start":{"line":943,"column":0},"end":{"line":943,"column":17}},"943":{"st
[...]
":"branch","loc":{"start":{"line":129,"column":5},"end":{"line":132,"column":8}},"locations":[{"start":{"line":129,"column":5},"end":{"line":132,"column":8}}]},"10":{"type":"branch","loc":{"start":{"line":134,"column":7},"end":{"line":140,"column":31}},"locations":[{"start":{"line":134,"column":7},"end":{"line":140,"column":31}}]},"11":{"type":"branch","loc":{"start":{"line":140,"column":73},"end":{"line":140,"column":76}},"locations":[{"start":{"line":140,"column":73},"end":{"line":140,"column":76}}]},"12":{"type":"branch","loc":{"start":{"line":142,"column":5},"end":{"line":142,"column":67}},"locations":[{"start":{"line":142,"column":5},"end":{"line":142,"column":67}}]},"13":{"type":"branch","loc":{"start":{"line":144,"column":5},"end":{"line":160,"column":49}},"locations":[{"start":{"line":144,"column":5},"end":{"line":160,"column":49}}]},"14":{"type":"branch","loc":{"start":{"line":160,"column":57},"end":{"line":161,"column":41}},"locations":[{"start":{"line":160,"column":57},"end":{"line":161,"column":41}}]},"15":{"type":"branch","loc":{"start":{"line":161,"column":82},"end":{"line":166,"column":9}},"locations":[{"start":{"line":161,"column":82},"end":{"line":166,"column":9}}]},"16":{"type":"branch","loc":{"start":{"line":170,"column":9},"end":{"line":175,"column":17}},"locations":[{"start":{"line":170,"column":9},"end":{"line":175,"column":17}}]},"17":{"type":"branch","loc":{"start":{"line":177,"column":9},"end":{"line":193,"column":27}},"locations":[{"start":{"line":177,"column":9},"end":{"line":193,"column":27}}]},"18":{"type":"branch","loc":{"start":{"line":197,"column":7},"end":{"line":199,"column":30}},"locations":[{"start":{"line":197,"column":7},"end":{"line":199,"column":30}}]},"19":{"type":"branch","loc":{"start":{"line":207,"column":7},"end":{"line":210,"column":25}},"locations":[{"start":{"line":207,"column":7},"end":{"line":210,"column":25}}]},"20":{"type":"branch","loc":{"start":{"line":210,"column":33},"end":{"line":216,"column":5}},"locations":[{"start":{"line":210,"column":33},"end":{"line":216,"column":5}}]},"21":{"type":"branch","loc":{"start":{"line":224,"column":5},"end":{"line":259,"column":13}},"locations":[{"start":{"line":224,"column":5},"end":{"line":259,"column":13}}]},"22":{"type":"branch","loc":{"start":{"line":261,"column":5},"end":{"line":271,"column":10}},"locations":[{"start":{"line":261,"column":5},"end":{"line":271,"column":10}}]},"23":{"type":"branch","loc":{"start":{"line":274,"column":3},"end":{"line":276,"column":13}},"locations":[{"start":{"line":274,"column":3},"end":{"line":276,"column":13}}]},"24":{"type":"branch","loc":{"start":{"line":283,"column":3},"end":{"line":293,"column":32}},"locations":[{"start":{"line":283,"column":3},"end":{"line":293,"column":32}}]},"25":{"type":"branch","loc":{"start":{"line":295,"column":5},"end":{"line":297,"column":62}},"locations":[{"start":{"line":295,"column":5},"end":{"line":297,"column":62}}]},"26":{"type":"branch","loc":{"start":{"line":299,"column":5},"end":{"line":308,"column":10}},"locations":[{"start":{"line":299,"column":5},"end":{"line":308,"column":10}}]},"27":{"type":"branch","loc":{"start":{"line":310,"column":3},"end":{"line":314,"column":6}},"locations":[{"start":{"line":310,"column":3},"end":{"line":314,"column":6}}]},"28":{"type":"branch","loc":{"start":{"line":336,"column":3},"end":{"line":344,"column":12}},"locations":[{"start":{"line":336,"column":3},"end":{"line":344,"column":12}}]},"29":{"type":"branch","loc":{"start":{"line":346,"column":3},"end":{"line":348,"column":13}},"locations":[{"start":{"line":346,"column":3},"end":{"line":348,"column":13}}]},"30":{"type":"branch","loc":{"start":{"line":350,"column":3},"end":{"line":352,"column":16}},"locations":[{"start":{"line":350,"column":3},"end":{"line":352,"column":16}}]},"31":{"type":"branch","loc":{"start":{"line":354,"column":3},"end":{"line":356,"column":15}},"locations":[{"start":{"line":354,"column":3},"end":{"line":356,"column":15}}]},"32":{"type":"branch","loc":{"start":{"line":358,"column":3},"end":{"line":360,"column":18}},"locations":[{"start":{"line":358,"column":3},"end":{"line":360,"column":18}}]},"33":{"type":"branch","loc":{"start":{"line":362,"column":3},"end":{"line":364,"column":10}},"locations":[{"start":{"line":362,"column":3},"end":{"line":364,"column":10}}]},"34":{"type":"branch","loc":{"start":{"line":395,"column":3},"end":{"line":399,"column":30}},"locations":[{"start":{"line":395,"column":3},"end":{"line":399,"column":30}}]},"35":{"type":"branch","loc":{"start":{"line":402,"column":5},"end":{"line":410,"column":34}},"locations":[{"start":{"line":402,"column":5},"end":{"line":410,"column":34}}]},"36":{"type":"branch","loc":{"start":{"line":412,"column":9},"end":{"line":413,"column":30}},"locations":[{"start":{"line":412,"column":9},"end":{"line":413,"column":30}}]},"37":{"type":"branch","loc":{"start":{"line":415,"column":9},"end":{"line":420,"column":5}},"locations":[{"start":{"line":415,"column":9},"end":{"line":420,"column":5}}]},"38":{"type":"branch","loc":{"start":{"line":423,"column":5},"end":{"line":426,"column":8}},"locations":[{"start":{"line":423,"column":5},"end":{"line":426,"column":8}}]},"39":{"type":"branch","loc":{"start":{"line":438,"column":3},"end":{"line":452,"column":15}},"locations":[{"start":{"line":438,"column":3},"end":{"line":452,"column":15}}]},"40":{"type":"branch","loc":{"start":{"line":454,"column":1},"end":{"line":455,"column":13}},"locations":[{"start":{"line":454,"column":1},"end":{"line":455,"column":13}}]},"41":{"type":"branch","loc":{"start":{"line":457,"column":1},"end":{"line":492,"column":33}},"locations":[{"start":{"line":457,"column":1},"end":{"line":492,"column":33}}]},"42":{"type":"branch","loc":{"start":{"line":492,"column":69},"end":{"line":498,"column":21}},"locations":[{"start":{"line":492,"column":69},"end":{"line":498,"column":21}}]},"43":{"type":"branch","loc":{"start":{"line":506,"column":3},"end":{"line":517,"column":36}},"locations":[{"start":{"line":506,"column":3},"end":{"line":517,"column":36}}]},"44":{"type":"branch","loc":{"start":{"line":517,"column":69},"end":{"line":563,"column":18}},"locations":[{"start":{"line":517,"column":69},"end":{"line":563,"column":18}}]},"45":{"type":"branch","loc":{"start":{"line":565,"column":5},"end":{"line":579,"column":25}},"locations":[{"start":{"line":565,"column":5},"end":{"line":579,"column":25}}]},"46":{"type":"branch","loc":{"start":{"line":581,"column":5},"end":{"line":591,"column":16}},"locations":[{"start":{"line":581,"column":5},"end":{"line":591,"column":16}}]},"47":{"type":"branch","loc":{"start":{"line":601,"column":3},"end":{"line":604,"column":6}},"locations":[{"start":{"line":601,"column":3},"end":{"line":604,"column":6}}]},"48":{"type":"branch","loc":{"start":{"line":606,"column":3},"end":{"line":608,"column":14}},"locations":[{"start":{"line":606,"column":3},"end":{"line":608,"column":14}}]},"49":{"type":"branch","loc":{"start":{"line":638,"column":3},"end":{"line":641,"column":25}},"locations":[{"start":{"line":638,"column":3},"end":{"line":641,"column":25}}]},"50":{"type":"branch","loc":{"start":{"line":643,"column":5},"end":{"line":651,"column":39}},"locations":[{"start":{"line":643,"column":5},"end":{"line":651,"column":39}}]},"51":{"type":"branch","loc":{"start":{"line":651,"column":70},"end":{"line":654,"column":17}},"locations":[{"start":{"line":651,"column":70},"end":{"line":654,"column":17}}]},"52":{"type":"branch","loc":{"start":{"line":668,"column":5},"end":{"line":678,"column":15}},"locations":[{"start":{"line":668,"column":5},"end":{"line":678,"column":15}}]},"53":{"type":"branch","loc":{"start":{"line":693,"column":3},"end":{"line":700,"column":41}},"locations":[{"start":{"line":693,"column":3},"end":{"line":700,"column":41}}]},"54":{"type":"branch","loc":{"start":{"line":702,"column":7},"end":{"line":735,"column":77}},"locations":[{"start":{"line":702,"column":7},"end":{"line":735,"column":77}}]},"55":{"type":"branch","loc":{"start":{"line":737,"column":1},"end":{"line":753,"column":88}},"locations":[{"start":{"line":737,"column":1},"end":{"line":753,"column":88}}]},"56":{"type":"branch","loc":{"start":{"line":753,"column":110},"end":{"line":763,"column":32}},"locations":[{"start":{"line":753,"column":110},"end":{"line":763,"column":32}}]},"57":{"type":"branch","loc":{"start":{"line":767,"column":5},"end":{"line":775,"column":31}},"locations":[{"start":{"line":767,"column":5},"end":{"line":775,"column":31}}]},"58":{"type":"branch","loc":{"start":{"line":790,"column":5},"end":{"line":791,"column":110}},"locations":[{"start":{"line":790,"column":5},"end":{"line":791,"column":110}}]},"59":{"type":"branch","loc":{"start":{"line":795,"column":5},"end":{"line":817,"column":17}},"locations":[{"start":{"line":795,"column":5},"end":{"line":817,"column":17}}]},"60":{"type":"branch","loc":{"start":{"line":825,"column":1},"end":{"line":831,"column":30}},"locations":[{"start":{"line":825,"column":1},"end":{"line":831,"column":30}}]},"61":{"type":"branch","loc":{"start":{"line":838,"column":3},"end":{"line":858,"column":41}},"locations":[{"start":{"line":838,"column":3},"end":{"line":858,"column":41}}]},"62":{"type":"branch","loc":{"start":{"line":858,"column":55},"end":{"line":869,"column":24}},"locations":[{"start":{"line":858,"column":55},"end":{"line":869,"column":24}}]},"63":{"type":"branch","loc":{"start":{"line":869,"column":34},"end":{"line":877,"column":45}},"locations":[{"start":{"line":869,"column":34},"end":{"line":877,"column":45}}]},"64":{"type":"branch","loc":{"start":{"line":877,"column":80},"end":{"line":877,"column":83}},"locations":[{"start":{"line":877,"column":80},"end":{"line":877,"column":83}}]},"65":{"type":"branch","loc":{"start":{"line":879,"column":7},"end":{"line":897,"column":3}},"locations":[{"start":{"line":879,"column":7},"end":{"line":897,"column":3}}]},"66":{"type":"branch","loc":{"start":{"line":913,"column":0},"end":{"line":917,"column":0}},"locations":[{"start":{"line":913,"column":0},"end":{"line":917,"column":0}}]},"67":{"type":"branch","loc":{"start":{"line":939,"column":1},"end":{"line":940,"column":0}},"locations":[{"start":{"line":939,"column":1},"end":{"line":940,"column":0}}]},"68":{"type":"branch","loc":{"start":{"line":946,"column":1},"end":{"line":949,"column":10}},"locations":[{"start":{"line":946,"column":1},"end":{"line":949,"column":10}}]},"69":{"type":"branch","loc":{"start":{"line":951,"column":3},"end":{"line":953,"column":30}},"locations":[{"start":{"line":951,"column":3},"end":{"line":953,"column":30}}]},"70":{"type":"branch","loc":{"start":{"line":960,"column":3},"end":{"line":966,"column":22}},"locations":[{"start":{"line":960,"column":3},"end":{"line":966,"column":22}}]},"71":{"type":"branch","loc":{"start":{"line":966,"column":41},"end":{"line":966,"column":44}},"locations":[{"start":{"line":966,"column":41},"end":{"line":966,"column":44}}]},"72":{"type":"branch","loc":{"start":{"line":968,"column":3},"end":{"line":972,"column":2}},"locations":[{"start":{"line":968,"column":3},"end":{"line":972,"column":2}}]},"73":{"type":"branch","loc":{"start":{"line":974,"column":3},"end":{"line":976,"column":30}},"locations":[{"start":{"line":974,"column":3},"end":{"line":976,"column":30}}]},"74":{"type":"branch","loc":{"start":{"line":976,"column":48},"end":{"line":981,"column":5}},"locations":[{"start":{"line":976,"column":48},"end":{"line":981,"column":5}}]},"75":{"type":"branch","loc":{"start":{"line":984,"column":5},"end":{"line":995,"column":26}},"locations":[{"start":{"line":984,"column":5},"end":{"line":995,"column":26}}]},"76":{"type":"branch","loc":{"start":{"line":1002,"column":3},"end":{"line":1010,"column":31}},"locations":[{"start":{"line":1002,"column":3},"end":{"line":1010,"column":31}}]},"77":{"type":"branch","loc":{"start":{"line":1012,"column":3},"end":{"line":1015,"column":35}},"locations":[{"start":{"line":1012,"column":3},"end":{"line":1015,"column":35}}]},"78":{"type":"branch","loc":{"start":{"line":1017,"column":3},"end":{"line":1023,"column":44}},"locations":[{"start":{"line":1017,"column":3},"end":{"line":1023,"column":44}}]},"79":{"type":"branch","loc":{"start":{"line":1031,"column":3},"end":{"line":1052,"column":3}},"locations":[{"start":{"line":1031,"column":3},"end":{"line":1052,"column":3}}]},"80":{"type":"branch","loc":{"start":{"line":1056,"column":3},"end":{"line":1065,"column":9}},"locations":[{"start":{"line":1056,"column":3},"end":{"line":1065,"column":9}}]},"81":{"type":"branch","loc":{"start":{"line":1067,"column":3},"end":{"line":1074,"column":35}},"locations":[{"start":{"line":1067,"column":3},"end":{"line":1074,"column":35}}]},"82":{"type":"branch","loc":{"start":{"line":1076,"column":3},"end":{"line":1078,"column":48}},"locations":[{"start":{"line":1076,"column":3},"end":{"line":1078,"column":48}}]},"83":{"type":"branch","loc":{"start":{"line":1080,"column":5},"end":{"line":1093,"column":2}},"locations":[{"start":{"line":1080,"column":5},"end":{"line":1093,"column":2}}]},"84":{"type":"branch","loc":{"start":{"line":1102,"column":3},"end":{"line":1104,"column":39}},"locations":[{"start":{"line":1102,"column":3},"end":{"line":1104,"column":39}}]},"85":{"type":"branch","loc":{"start":{"line":1106,"column":3},"end":{"line":1111,"column":4}},"locations":[{"start":{"line":1106,"column":3},"end":{"line":1111,"column":4}}]},"86":{"type":"branch","loc":{"start":{"line":1121,"column":5},"end":{"line":1130,"column":14}},"locations":[{"start":{"line":1121,"column":5},"end":{"line":1130,"column":14}}]},"87":{"type":"branch","loc":{"start":{"line":1132,"column":7},"end":{"line":1134,"column":15}},"locations":[{"start":{"line":1132,"column":7},"end":{"line":1134,"column":15}}]},"88":{"type":"branch","loc":{"start":{"line":1136,"column":7},"end":{"line":1138,"column":17}},"locations":[{"start":{"line":1136,"column":7},"end":{"line":1138,"column":17}}]},"89":{"type":"branch","loc":{"start":{"line":1147,"column":7},"end":{"line":1152,"column":19}},"locations":[{"start":{"line":1147,"column":7},"end":{"line":1152,"column":19}}]},"90":{"type":"branch","loc":{"start":{"line":1155,"column":7},"end":{"line":1157,"column":16}},"locations":[{"start":{"line":1155,"column":7},"end":{"line":1157,"column":16}}]},"91":{"type":"branch","loc":{"start":{"line":1187,"column":7},"end":{"line":1189,"column":17}},"locations":[{"start":{"line":1187,"column":7},"end":{"line":1189,"column":17}}]},"92":{"type":"branch","loc":{"start":{"line":1238,"column":7},"end":{"line":1242,"column":15}},"locations":[{"start":{"line":1238,"column":7},"end":{"line":1242,"column":15}}]},"93":{"type":"branch","loc":{"start":{"line":1261,"column":3},"end":{"line":1278,"column":2}},"locations":[{"start":{"line":1261,"column":3},"end":{"line":1278,"column":2}}]},"94":{"type":"branch","loc":{"start":{"line":1280,"column":3},"end":{"line":1281,"column":2}},"locations":[{"start":{"line":1280,"column":3},"end":{"line":1281,"column":2}}]},"95":{"type":"branch","loc":{"start":{"line":1283,"column":3},"end":{"line":1284,"column":2}},"locations":[{"start":{"line":1283,"column":3},"end":{"line":1284,"column":2}}]},"96":{"type":"branch","loc":{"start":{"line":1295,"column":3},"end":{"line":1296,"column":2}},"locations":[{"start":{"line":1295,"column":3},"end":{"line":1296,"column":2}}]},"97":{"type":"branch","loc":{"start":{"line":1304,"column":3},"end":{"line":1309,"column":11}},"locations":[{"start":{"line":1304,"column":3},"end":{"line":1309,"column":11}}]},"98":{"type":"branch","loc":{"start":{"line":1326,"column":5},"end":{"line":1327,"column":12}},"locations":[{"start":{"line":1326,"column":5},"end":{"line":1327,"column":12}}]},"99":{"type":"branch","loc":{"start":{"line":1356,"column":5},"end":{"line":1357,"column":15}},"locations":[{"start":{"line":1356,"column":5},"end":{"line":1357,"column":15}}]},"100":{"type":"branch","loc":{"start":{"line":1359,"column":5},"end":{"line":1360,"column":12}},"locations":[{"start":{"line":1359,"column":5},"end":{"line":1360,"column":12}}]},"101":{"type":"branch","loc":{"start":{"line":1369,"column":5},"end":{"line":1370,"column":8}},"locations":[{"start":{"line":1369,"column":5},"end":{"line":1370,"column":8}}]},"102":{"type":"branch","loc":{"start":{"line":1372,"column":5},"end":{"line":1373,"column":10}},"locations":[{"start":{"line":1372,"column":5},"end":{"line":1373,"column":10}}]},"103":{"type":"branch","loc":{"start":{"line":1375,"column":5},"end":{"line":1376,"column":15}},"locations":[{"start":{"line":1375,"column":5},"end":{"line":1376,"column":15}}]},"104":{"type":"branch","loc":{"start":{"line":1378,"column":5},"end":{"line":1393,"column":18}},"locations":[{"start":{"line":1378,"column":5},"end":{"line":1393,"column":18}}]},"105":{"type":"branch","loc":{"start":{"line":1403,"column":7},"end":{"line":1407,"column":14}},"locations":[{"start":{"line":1403,"column":7},"end":{"line":1407,"column":14}}]},"106":{"type":"branch","loc":{"start":{"line":1424,"column":7},"end":{"line":1425,"column":12}},"locations":[{"start":{"line":1424,"column":7},"end":{"line":1425,"column":12}}]},"107":{"type":"branch","loc":{"start":{"line":1439,"column":7},"end":{"line":1440,"column":20}},"locations":[{"start":{"line":1439,"column":7},"end":{"line":1440,"column":20}}]},"108":{"type":"branch","loc":{"start":{"line":1451,"column":7},"end":{"line":1495,"column":0}},"locations":[{"start":{"line":1451,"column":7},"end":{"line":1495,"column":0}}]},"109":{"type":"branch","loc":{"start":{"line":1507,"column":1},"end":{"line":1524,"column":2}},"locations":[{"start":{"line":1507,"column":1},"end":{"line":1524,"column":2}}]},"110":{"type":"branch","loc":{"start":{"line":1597,"column":3},"end":{"line":1599,"column":9}},"locations":[{"start":{"line":1597,"column":3},"end":{"line":1599,"column":9}}]},"111":{"type":"branch","loc":{"start":{"line":1650,"column":3},"end":{"line":1654,"column":72}},"locations":[{"start":{"line":1650,"column":3},"end":{"line":1654,"column":72}}]},"112":{"type":"branch","loc":{"start":{"line":1656,"column":1},"end":{"line":1660,"column":0}},"locations":[{"start":{"line":1656,"column":1},"end":{"line":1660,"column":0}}]}},"b":{"0":[1],"1":[1],"2":[1],"3":[1],"4":[1],"5":[1],"6":[1],"7":[1],"8":[1],"9":[1],"10":[1],"11":[1],"12":[1],"13":[1],"14":[1],"15":[1],"16":[1],"17":[1],"18":[1],"19":[1],"20":[1],"21":[1],"22":[1],"23":[1],"24":[1],"25":[1],"26":[1],"27":[1],"28":[1],"29":[1],"30":[1],"31":[1],"32":[1],"33":[1],"34":[1],"35":[1],"36":[1],"37":[1],"38":[1],"39":[1],"40":[1],"41":[1],"42":[1],"43":[1],"44":[1],"45":[1],"46":[1],"47":[1],"48":[1],"49":[1],"50":[1],"51":[1],"52":[1],"53":[1],"54":[1],"55":[1],"56":[1],"57":[1],"58":[1],"59":[1],"60":[1],"61":[1],"62":[1],"63":[1],"64":[1],"65":[1],"66":[1],"67":[1],"68":[1],"69":[1],"70":[1],"71":[1],"72":[1],"73":[1],"74":[1],"75":[1],"76":[1],"77":[1],"78":[1],"79":[1],"80":[1],"81":[1],"82":[1],"83":[1],"84":[1],"85":[1],"86":[1],"87":[1],"88":[1],"89":[1],"90":[1],"91":[1],"92":[1],"93":[1],"94":[1],"95":[1],"96":[1],"97":[1],"98":[1],"99":[1],"100":[1],"101":[1],"102":[1],"103":[1],"104":[1],"105":[1],"106":[1],"107":[1],"108":[1],"109":[1],"110":[1],"111":[1],"112":[1]},"fnMap":{},"f":{},"originalUrl":"http://localhost:8000/tests/libs/qunit.js"},"/app/.nyc_output/tests/t.js": {"path":"/app/.nyc_output/tests/t.js","statementMap":{"0":{"start":{"line":1,"column":0},"end":{"line":1,"column":22}},"1":{"start":{"line":2,"column":0},"end":{"line":2,"column":38}},"2":{"start":{"line":3,"column":0},"end":{"line":3,"column":49}},"3":{"start":{"line":4,"column":0},"end":{"line":4,"column":58}},"4":{"start":{"line":5,"column":0},"end":{"line":5,"column":3}},"5":{"start":{"line":6,"column":0},"end":{"line":6,"column":0}}},"s":{"0":1,"1":1,"2":1,"3":1,"4":1,"5":1},"branchMap":{"0":{"type":"branch","loc":{"start":{"line":1,"column":0},"end":{"line":6,"column":0}},"locations":[{"start":{"line":1,"column":0},"end":{"line":6,"column":0}}]}},"b":{"0":[1]},"fnMap":{},"f":{},"originalUrl":"http://localhost:8000/tests/t.js"}}